Issue | Read Operand | Execution | Write Result | Intructions
    1 |            0 |         0 |            0 | ld r1 12+ rb
    0 |            0 |         0 |            0 | ld r3 16+ rb
    0 |            0 |         0 |            0 | subd r1 r2 r4
    0 |            0 |         0 |            0 | ld r5 11+ rb
    0 |            0 |         0 |            0 | muld r4 r2 r1
    0 |            0 |         0 |            0 | subd r5 r1 r3
    0 |            0 |         0 |            0 | divd r5 r1 r7

    FU     BUSY      OP      Fi      Fj      Fk      Qj      Qk      Rj      Rk 
Integer |   Yes |    ld |    r1 |       |    rb |         |         |       |   Yes
  Mult1 |    No |       |       |       |       |         |         |       |      
  Mult2 |    No |       |       |       |       |         |         |       |      
    Add |    No |       |       |       |       |         |         |       |      
 Divide |    No |       |       |       |       |         |         |       |      

     r1      r2      r3      r4      r5      r6      r7      r8      r9     r10     r11     r12      rb 
 Integer |       |       |       |       |       |       |       |       |       |       |       | 

Clock: 1

Issue | Read Operand | Execution | Write Result | Intructions
    1 |            2 |         0 |            0 | ld r1 12+ rb
    0 |            0 |         0 |            0 | ld r3 16+ rb
    0 |            0 |         0 |            0 | subd r1 r2 r4
    0 |            0 |         0 |            0 | ld r5 11+ rb
    0 |            0 |         0 |            0 | muld r4 r2 r1
    0 |            0 |         0 |            0 | subd r5 r1 r3
    0 |            0 |         0 |            0 | divd r5 r1 r7

    FU     BUSY      OP      Fi      Fj      Fk      Qj      Qk      Rj      Rk 
Integer |   Yes |    ld |    r1 |       |    rb |         |         |       |    No
  Mult1 |    No |       |       |       |       |         |         |       |      
  Mult2 |    No |       |       |       |       |         |         |       |      
    Add |    No |       |       |       |       |         |         |       |      
 Divide |    No |       |       |       |       |         |         |       |      

     r1      r2      r3      r4      r5      r6      r7      r8      r9     r10     r11     r12      rb 
 Integer |       |       |       |       |       |       |       |       |       |       |       | 

Clock: 2

Issue | Read Operand | Execution | Write Result | Intructions
    1 |            2 |         3 |            0 | ld r1 12+ rb
    0 |            0 |         0 |            0 | ld r3 16+ rb
    0 |            0 |         0 |            0 | subd r1 r2 r4
    0 |            0 |         0 |            0 | ld r5 11+ rb
    0 |            0 |         0 |            0 | muld r4 r2 r1
    0 |            0 |         0 |            0 | subd r5 r1 r3
    0 |            0 |         0 |            0 | divd r5 r1 r7

    FU     BUSY      OP      Fi      Fj      Fk      Qj      Qk      Rj      Rk 
Integer |   Yes |    ld |    r1 |       |    rb |         |         |       |    No
  Mult1 |    No |       |       |       |       |         |         |       |      
  Mult2 |    No |       |       |       |       |         |         |       |      
    Add |    No |       |       |       |       |         |         |       |      
 Divide |    No |       |       |       |       |         |         |       |      

     r1      r2      r3      r4      r5      r6      r7      r8      r9     r10     r11     r12      rb 
 Integer |       |       |       |       |       |       |       |       |       |       |       | 

Clock: 3

Issue | Read Operand | Execution | Write Result | Intructions
    1 |            2 |         3 |            4 | ld r1 12+ rb
    0 |            0 |         0 |            0 | ld r3 16+ rb
    0 |            0 |         0 |            0 | subd r1 r2 r4
    0 |            0 |         0 |            0 | ld r5 11+ rb
    0 |            0 |         0 |            0 | muld r4 r2 r1
    0 |            0 |         0 |            0 | subd r5 r1 r3
    0 |            0 |         0 |            0 | divd r5 r1 r7

    FU     BUSY      OP      Fi      Fj      Fk      Qj      Qk      Rj      Rk 
Integer |    No |       |       |       |       |         |         |       |      
  Mult1 |    No |       |       |       |       |         |         |       |      
  Mult2 |    No |       |       |       |       |         |         |       |      
    Add |    No |       |       |       |       |         |         |       |      
 Divide |    No |       |       |       |       |         |         |       |      

     r1      r2      r3      r4      r5      r6      r7      r8      r9     r10     r11     r12      rb 
         |       |       |       |       |       |       |       |       |       |       |       | 

Clock: 4

Issue | Read Operand | Execution | Write Result | Intructions
    1 |            2 |         3 |            4 | ld r1 12+ rb
    5 |            0 |         0 |            0 | ld r3 16+ rb
    0 |            0 |         0 |            0 | subd r1 r2 r4
    0 |            0 |         0 |            0 | ld r5 11+ rb
    0 |            0 |         0 |            0 | muld r4 r2 r1
    0 |            0 |         0 |            0 | subd r5 r1 r3
    0 |            0 |         0 |            0 | divd r5 r1 r7

    FU     BUSY      OP      Fi      Fj      Fk      Qj      Qk      Rj      Rk 
Integer |   Yes |    ld |    r3 |       |    rb |         |         |       |   Yes
  Mult1 |    No |       |       |       |       |         |         |       |      
  Mult2 |    No |       |       |       |       |         |         |       |      
    Add |    No |       |       |       |       |         |         |       |      
 Divide |    No |       |       |       |       |         |         |       |      

     r1      r2      r3      r4      r5      r6      r7      r8      r9     r10     r11     r12      rb 
         |       | Integer |       |       |       |       |       |       |       |       |       | 

Clock: 5

Issue | Read Operand | Execution | Write Result | Intructions
    1 |            2 |         3 |            4 | ld r1 12+ rb
    5 |            6 |         0 |            0 | ld r3 16+ rb
    6 |            0 |         0 |            0 | subd r1 r2 r4
    0 |            0 |         0 |            0 | ld r5 11+ rb
    0 |            0 |         0 |            0 | muld r4 r2 r1
    0 |            0 |         0 |            0 | subd r5 r1 r3
    0 |            0 |         0 |            0 | divd r5 r1 r7

    FU     BUSY      OP      Fi      Fj      Fk      Qj      Qk      Rj      Rk 
Integer |   Yes |    ld |    r3 |       |    rb |         |         |       |    No
  Mult1 |    No |       |       |       |       |         |         |       |      
  Mult2 |    No |       |       |       |       |         |         |       |      
    Add |   Yes |  subd |    r1 |    r2 |    r4 |         |         |   Yes |   Yes
 Divide |    No |       |       |       |       |         |         |       |      

     r1      r2      r3      r4      r5      r6      r7      r8      r9     r10     r11     r12      rb 
     Add |       | Integer |       |       |       |       |       |       |       |       |       | 

Clock: 6

Issue | Read Operand | Execution | Write Result | Intructions
    1 |            2 |         3 |            4 | ld r1 12+ rb
    5 |            6 |         7 |            0 | ld r3 16+ rb
    6 |            7 |         0 |            0 | subd r1 r2 r4
    0 |            0 |         0 |            0 | ld r5 11+ rb
    0 |            0 |         0 |            0 | muld r4 r2 r1
    0 |            0 |         0 |            0 | subd r5 r1 r3
    0 |            0 |         0 |            0 | divd r5 r1 r7

    FU     BUSY      OP      Fi      Fj      Fk      Qj      Qk      Rj      Rk 
Integer |   Yes |    ld |    r3 |       |    rb |         |         |       |    No
  Mult1 |    No |       |       |       |       |         |         |       |      
  Mult2 |    No |       |       |       |       |         |         |       |      
    Add |   Yes |  subd |    r1 |    r2 |    r4 |         |         |    No |    No
 Divide |    No |       |       |       |       |         |         |       |      

     r1      r2      r3      r4      r5      r6      r7      r8      r9     r10     r11     r12      rb 
     Add |       | Integer |       |       |       |       |       |       |       |       |       | 

Clock: 7

Issue | Read Operand | Execution | Write Result | Intructions
    1 |            2 |         3 |            4 | ld r1 12+ rb
    5 |            6 |         7 |            8 | ld r3 16+ rb
    6 |            7 |         0 |            0 | subd r1 r2 r4
    0 |            0 |         0 |            0 | ld r5 11+ rb
    0 |            0 |         0 |            0 | muld r4 r2 r1
    0 |            0 |         0 |            0 | subd r5 r1 r3
    0 |            0 |         0 |            0 | divd r5 r1 r7

    FU     BUSY      OP      Fi      Fj      Fk      Qj      Qk      Rj      Rk 
Integer |    No |       |       |       |       |         |         |       |      
  Mult1 |    No |       |       |       |       |         |         |       |      
  Mult2 |    No |       |       |       |       |         |         |       |      
    Add |   Yes |  subd |    r1 |    r2 |    r4 |         |         |    No |    No
 Divide |    No |       |       |       |       |         |         |       |      

     r1      r2      r3      r4      r5      r6      r7      r8      r9     r10     r11     r12      rb 
     Add |       |       |       |       |       |       |       |       |       |       |       | 

Clock: 8

Issue | Read Operand | Execution | Write Result | Intructions
    1 |            2 |         3 |            4 | ld r1 12+ rb
    5 |            6 |         7 |            8 | ld r3 16+ rb
    6 |            7 |         9 |            0 | subd r1 r2 r4
    9 |            0 |         0 |            0 | ld r5 11+ rb
    0 |            0 |         0 |            0 | muld r4 r2 r1
    0 |            0 |         0 |            0 | subd r5 r1 r3
    0 |            0 |         0 |            0 | divd r5 r1 r7

    FU     BUSY      OP      Fi      Fj      Fk      Qj      Qk      Rj      Rk 
Integer |   Yes |    ld |    r5 |       |    rb |         |         |       |   Yes
  Mult1 |    No |       |       |       |       |         |         |       |      
  Mult2 |    No |       |       |       |       |         |         |       |      
    Add |   Yes |  subd |    r1 |    r2 |    r4 |         |         |    No |    No
 Divide |    No |       |       |       |       |         |         |       |      

     r1      r2      r3      r4      r5      r6      r7      r8      r9     r10     r11     r12      rb 
     Add |       |       |       | Integer |       |       |       |       |       |       |       | 

Clock: 9

Issue | Read Operand | Execution | Write Result | Intructions
    1 |            2 |         3 |            4 | ld r1 12+ rb
    5 |            6 |         7 |            8 | ld r3 16+ rb
    6 |            7 |         9 |           10 | subd r1 r2 r4
    9 |           10 |         0 |            0 | ld r5 11+ rb
   10 |            0 |         0 |            0 | muld r4 r2 r1
    0 |            0 |         0 |            0 | subd r5 r1 r3
    0 |            0 |         0 |            0 | divd r5 r1 r7

    FU     BUSY      OP      Fi      Fj      Fk      Qj      Qk      Rj      Rk 
Integer |   Yes |    ld |    r5 |       |    rb |         |         |       |    No
  Mult1 |   Yes |  muld |    r4 |    r2 |    r1 |         |         |   Yes |   Yes
  Mult2 |    No |       |       |       |       |         |         |       |      
    Add |    No |       |       |       |       |         |         |       |      
 Divide |    No |       |       |       |       |         |         |       |      

     r1      r2      r3      r4      r5      r6      r7      r8      r9     r10     r11     r12      rb 
         |       |       | Mult1 | Integer |       |       |       |       |       |       |       | 

Clock: 10

Issue | Read Operand | Execution | Write Result | Intructions
    1 |            2 |         3 |            4 | ld r1 12+ rb
    5 |            6 |         7 |            8 | ld r3 16+ rb
    6 |            7 |         9 |           10 | subd r1 r2 r4
    9 |           10 |        11 |            0 | ld r5 11+ rb
   10 |           11 |         0 |            0 | muld r4 r2 r1
    0 |            0 |         0 |            0 | subd r5 r1 r3
    0 |            0 |         0 |            0 | divd r5 r1 r7

    FU     BUSY      OP      Fi      Fj      Fk      Qj      Qk      Rj      Rk 
Integer |   Yes |    ld |    r5 |       |    rb |         |         |       |    No
  Mult1 |   Yes |  muld |    r4 |    r2 |    r1 |         |         |    No |    No
  Mult2 |    No |       |       |       |       |         |         |       |      
    Add |    No |       |       |       |       |         |         |       |      
 Divide |    No |       |       |       |       |         |         |       |      

     r1      r2      r3      r4      r5      r6      r7      r8      r9     r10     r11     r12      rb 
         |       |       | Mult1 | Integer |       |       |       |       |       |       |       | 

Clock: 11

Issue | Read Operand | Execution | Write Result | Intructions
    1 |            2 |         3 |            4 | ld r1 12+ rb
    5 |            6 |         7 |            8 | ld r3 16+ rb
    6 |            7 |         9 |           10 | subd r1 r2 r4
    9 |           10 |        11 |           12 | ld r5 11+ rb
   10 |           11 |         0 |            0 | muld r4 r2 r1
    0 |            0 |         0 |            0 | subd r5 r1 r3
    0 |            0 |         0 |            0 | divd r5 r1 r7

    FU     BUSY      OP      Fi      Fj      Fk      Qj      Qk      Rj      Rk 
Integer |    No |       |       |       |       |         |         |       |      
  Mult1 |   Yes |  muld |    r4 |    r2 |    r1 |         |         |    No |    No
  Mult2 |    No |       |       |       |       |         |         |       |      
    Add |    No |       |       |       |       |         |         |       |      
 Divide |    No |       |       |       |       |         |         |       |      

     r1      r2      r3      r4      r5      r6      r7      r8      r9     r10     r11     r12      rb 
         |       |       | Mult1 |       |       |       |       |       |       |       |       | 

Clock: 12

Issue | Read Operand | Execution | Write Result | Intructions
    1 |            2 |         3 |            4 | ld r1 12+ rb
    5 |            6 |         7 |            8 | ld r3 16+ rb
    6 |            7 |         9 |           10 | subd r1 r2 r4
    9 |           10 |        11 |           12 | ld r5 11+ rb
   10 |           11 |         0 |            0 | muld r4 r2 r1
   13 |            0 |         0 |            0 | subd r5 r1 r3
    0 |            0 |         0 |            0 | divd r5 r1 r7

    FU     BUSY      OP      Fi      Fj      Fk      Qj      Qk      Rj      Rk 
Integer |    No |       |       |       |       |         |         |       |      
  Mult1 |   Yes |  muld |    r4 |    r2 |    r1 |         |         |    No |    No
  Mult2 |    No |       |       |       |       |         |         |       |      
    Add |   Yes |  subd |    r5 |    r1 |    r3 |         |         |   Yes |   Yes
 Divide |    No |       |       |       |       |         |         |       |      

     r1      r2      r3      r4      r5      r6      r7      r8      r9     r10     r11     r12      rb 
         |       |       | Mult1 |   Add |       |       |       |       |       |       |       | 

Clock: 13

Issue | Read Operand | Execution | Write Result | Intructions
    1 |            2 |         3 |            4 | ld r1 12+ rb
    5 |            6 |         7 |            8 | ld r3 16+ rb
    6 |            7 |         9 |           10 | subd r1 r2 r4
    9 |           10 |        11 |           12 | ld r5 11+ rb
   10 |           11 |         0 |            0 | muld r4 r2 r1
   13 |           14 |         0 |            0 | subd r5 r1 r3
    0 |            0 |         0 |            0 | divd r5 r1 r7

    FU     BUSY      OP      Fi      Fj      Fk      Qj      Qk      Rj      Rk 
Integer |    No |       |       |       |       |         |         |       |      
  Mult1 |   Yes |  muld |    r4 |    r2 |    r1 |         |         |    No |    No
  Mult2 |    No |       |       |       |       |         |         |       |      
    Add |   Yes |  subd |    r5 |    r1 |    r3 |         |         |    No |    No
 Divide |    No |       |       |       |       |         |         |       |      

     r1      r2      r3      r4      r5      r6      r7      r8      r9     r10     r11     r12      rb 
         |       |       | Mult1 |   Add |       |       |       |       |       |       |       | 

Clock: 14

Issue | Read Operand | Execution | Write Result | Intructions
    1 |            2 |         3 |            4 | ld r1 12+ rb
    5 |            6 |         7 |            8 | ld r3 16+ rb
    6 |            7 |         9 |           10 | subd r1 r2 r4
    9 |           10 |        11 |           12 | ld r5 11+ rb
   10 |           11 |         0 |            0 | muld r4 r2 r1
   13 |           14 |         0 |            0 | subd r5 r1 r3
    0 |            0 |         0 |            0 | divd r5 r1 r7

    FU     BUSY      OP      Fi      Fj      Fk      Qj      Qk      Rj      Rk 
Integer |    No |       |       |       |       |         |         |       |      
  Mult1 |   Yes |  muld |    r4 |    r2 |    r1 |         |         |    No |    No
  Mult2 |    No |       |       |       |       |         |         |       |      
    Add |   Yes |  subd |    r5 |    r1 |    r3 |         |         |    No |    No
 Divide |    No |       |       |       |       |         |         |       |      

     r1      r2      r3      r4      r5      r6      r7      r8      r9     r10     r11     r12      rb 
         |       |       | Mult1 |   Add |       |       |       |       |       |       |       | 

Clock: 15

Issue | Read Operand | Execution | Write Result | Intructions
    1 |            2 |         3 |            4 | ld r1 12+ rb
    5 |            6 |         7 |            8 | ld r3 16+ rb
    6 |            7 |         9 |           10 | subd r1 r2 r4
    9 |           10 |        11 |           12 | ld r5 11+ rb
   10 |           11 |         0 |            0 | muld r4 r2 r1
   13 |           14 |        16 |            0 | subd r5 r1 r3
    0 |            0 |         0 |            0 | divd r5 r1 r7

    FU     BUSY      OP      Fi      Fj      Fk      Qj      Qk      Rj      Rk 
Integer |    No |       |       |       |       |         |         |       |      
  Mult1 |   Yes |  muld |    r4 |    r2 |    r1 |         |         |    No |    No
  Mult2 |    No |       |       |       |       |         |         |       |      
    Add |   Yes |  subd |    r5 |    r1 |    r3 |         |         |    No |    No
 Divide |    No |       |       |       |       |         |         |       |      

     r1      r2      r3      r4      r5      r6      r7      r8      r9     r10     r11     r12      rb 
         |       |       | Mult1 |   Add |       |       |       |       |       |       |       | 

Clock: 16

Issue | Read Operand | Execution | Write Result | Intructions
    1 |            2 |         3 |            4 | ld r1 12+ rb
    5 |            6 |         7 |            8 | ld r3 16+ rb
    6 |            7 |         9 |           10 | subd r1 r2 r4
    9 |           10 |        11 |           12 | ld r5 11+ rb
   10 |           11 |         0 |            0 | muld r4 r2 r1
   13 |           14 |        16 |           17 | subd r5 r1 r3
    0 |            0 |         0 |            0 | divd r5 r1 r7

    FU     BUSY      OP      Fi      Fj      Fk      Qj      Qk      Rj      Rk 
Integer |    No |       |       |       |       |         |         |       |      
  Mult1 |   Yes |  muld |    r4 |    r2 |    r1 |         |         |    No |    No
  Mult2 |    No |       |       |       |       |         |         |       |      
    Add |    No |       |       |       |       |         |         |       |      
 Divide |    No |       |       |       |       |         |         |       |      

     r1      r2      r3      r4      r5      r6      r7      r8      r9     r10     r11     r12      rb 
         |       |       | Mult1 |       |       |       |       |       |       |       |       | 

Clock: 17

Issue | Read Operand | Execution | Write Result | Intructions
    1 |            2 |         3 |            4 | ld r1 12+ rb
    5 |            6 |         7 |            8 | ld r3 16+ rb
    6 |            7 |         9 |           10 | subd r1 r2 r4
    9 |           10 |        11 |           12 | ld r5 11+ rb
   10 |           11 |         0 |            0 | muld r4 r2 r1
   13 |           14 |        16 |           17 | subd r5 r1 r3
   18 |            0 |         0 |            0 | divd r5 r1 r7

    FU     BUSY      OP      Fi      Fj      Fk      Qj      Qk      Rj      Rk 
Integer |    No |       |       |       |       |         |         |       |      
  Mult1 |   Yes |  muld |    r4 |    r2 |    r1 |         |         |    No |    No
  Mult2 |    No |       |       |       |       |         |         |       |      
    Add |    No |       |       |       |       |         |         |       |      
 Divide |   Yes |  divd |    r5 |    r1 |    r7 |         |         |   Yes |   Yes

     r1      r2      r3      r4      r5      r6      r7      r8      r9     r10     r11     r12      rb 
         |       |       | Mult1 | Divide |       |       |       |       |       |       |       | 

Clock: 18

Issue | Read Operand | Execution | Write Result | Intructions
    1 |            2 |         3 |            4 | ld r1 12+ rb
    5 |            6 |         7 |            8 | ld r3 16+ rb
    6 |            7 |         9 |           10 | subd r1 r2 r4
    9 |           10 |        11 |           12 | ld r5 11+ rb
   10 |           11 |         0 |            0 | muld r4 r2 r1
   13 |           14 |        16 |           17 | subd r5 r1 r3
   18 |           19 |         0 |            0 | divd r5 r1 r7

    FU     BUSY      OP      Fi      Fj      Fk      Qj      Qk      Rj      Rk 
Integer |    No |       |       |       |       |         |         |       |      
  Mult1 |   Yes |  muld |    r4 |    r2 |    r1 |         |         |    No |    No
  Mult2 |    No |       |       |       |       |         |         |       |      
    Add |    No |       |       |       |       |         |         |       |      
 Divide |   Yes |  divd |    r5 |    r1 |    r7 |         |         |    No |    No

     r1      r2      r3      r4      r5      r6      r7      r8      r9     r10     r11     r12      rb 
         |       |       | Mult1 | Divide |       |       |       |       |       |       |       | 

Clock: 19

Issue | Read Operand | Execution | Write Result | Intructions
    1 |            2 |         3 |            4 | ld r1 12+ rb
    5 |            6 |         7 |            8 | ld r3 16+ rb
    6 |            7 |         9 |           10 | subd r1 r2 r4
    9 |           10 |        11 |           12 | ld r5 11+ rb
   10 |           11 |         0 |            0 | muld r4 r2 r1
   13 |           14 |        16 |           17 | subd r5 r1 r3
   18 |           19 |         0 |            0 | divd r5 r1 r7

    FU     BUSY      OP      Fi      Fj      Fk      Qj      Qk      Rj      Rk 
Integer |    No |       |       |       |       |         |         |       |      
  Mult1 |   Yes |  muld |    r4 |    r2 |    r1 |         |         |    No |    No
  Mult2 |    No |       |       |       |       |         |         |       |      
    Add |    No |       |       |       |       |         |         |       |      
 Divide |   Yes |  divd |    r5 |    r1 |    r7 |         |         |    No |    No

     r1      r2      r3      r4      r5      r6      r7      r8      r9     r10     r11     r12      rb 
         |       |       | Mult1 | Divide |       |       |       |       |       |       |       | 

Clock: 20

Issue | Read Operand | Execution | Write Result | Intructions
    1 |            2 |         3 |            4 | ld r1 12+ rb
    5 |            6 |         7 |            8 | ld r3 16+ rb
    6 |            7 |         9 |           10 | subd r1 r2 r4
    9 |           10 |        11 |           12 | ld r5 11+ rb
   10 |           11 |        21 |            0 | muld r4 r2 r1
   13 |           14 |        16 |           17 | subd r5 r1 r3
   18 |           19 |         0 |            0 | divd r5 r1 r7

    FU     BUSY      OP      Fi      Fj      Fk      Qj      Qk      Rj      Rk 
Integer |    No |       |       |       |       |         |         |       |      
  Mult1 |   Yes |  muld |    r4 |    r2 |    r1 |         |         |    No |    No
  Mult2 |    No |       |       |       |       |         |         |       |      
    Add |    No |       |       |       |       |         |         |       |      
 Divide |   Yes |  divd |    r5 |    r1 |    r7 |         |         |    No |    No

     r1      r2      r3      r4      r5      r6      r7      r8      r9     r10     r11     r12      rb 
         |       |       | Mult1 | Divide |       |       |       |       |       |       |       | 

Clock: 21

Issue | Read Operand | Execution | Write Result | Intructions
    1 |            2 |         3 |            4 | ld r1 12+ rb
    5 |            6 |         7 |            8 | ld r3 16+ rb
    6 |            7 |         9 |           10 | subd r1 r2 r4
    9 |           10 |        11 |           12 | ld r5 11+ rb
   10 |           11 |        21 |           22 | muld r4 r2 r1
   13 |           14 |        16 |           17 | subd r5 r1 r3
   18 |           19 |         0 |            0 | divd r5 r1 r7

    FU     BUSY      OP      Fi      Fj      Fk      Qj      Qk      Rj      Rk 
Integer |    No |       |       |       |       |         |         |       |      
  Mult1 |    No |       |       |       |       |         |         |       |      
  Mult2 |    No |       |       |       |       |         |         |       |      
    Add |    No |       |       |       |       |         |         |       |      
 Divide |   Yes |  divd |    r5 |    r1 |    r7 |         |         |    No |    No

     r1      r2      r3      r4      r5      r6      r7      r8      r9     r10     r11     r12      rb 
         |       |       |       | Divide |       |       |       |       |       |       |       | 

Clock: 22

Issue | Read Operand | Execution | Write Result | Intructions
    1 |            2 |         3 |            4 | ld r1 12+ rb
    5 |            6 |         7 |            8 | ld r3 16+ rb
    6 |            7 |         9 |           10 | subd r1 r2 r4
    9 |           10 |        11 |           12 | ld r5 11+ rb
   10 |           11 |        21 |           22 | muld r4 r2 r1
   13 |           14 |        16 |           17 | subd r5 r1 r3
   18 |           19 |         0 |            0 | divd r5 r1 r7

    FU     BUSY      OP      Fi      Fj      Fk      Qj      Qk      Rj      Rk 
Integer |    No |       |       |       |       |         |         |       |      
  Mult1 |    No |       |       |       |       |         |         |       |      
  Mult2 |    No |       |       |       |       |         |         |       |      
    Add |    No |       |       |       |       |         |         |       |      
 Divide |   Yes |  divd |    r5 |    r1 |    r7 |         |         |    No |    No

     r1      r2      r3      r4      r5      r6      r7      r8      r9     r10     r11     r12      rb 
         |       |       |       | Divide |       |       |       |       |       |       |       | 

Clock: 23

Issue | Read Operand | Execution | Write Result | Intructions
    1 |            2 |         3 |            4 | ld r1 12+ rb
    5 |            6 |         7 |            8 | ld r3 16+ rb
    6 |            7 |         9 |           10 | subd r1 r2 r4
    9 |           10 |        11 |           12 | ld r5 11+ rb
   10 |           11 |        21 |           22 | muld r4 r2 r1
   13 |           14 |        16 |           17 | subd r5 r1 r3
   18 |           19 |         0 |            0 | divd r5 r1 r7

    FU     BUSY      OP      Fi      Fj      Fk      Qj      Qk      Rj      Rk 
Integer |    No |       |       |       |       |         |         |       |      
  Mult1 |    No |       |       |       |       |         |         |       |      
  Mult2 |    No |       |       |       |       |         |         |       |      
    Add |    No |       |       |       |       |         |         |       |      
 Divide |   Yes |  divd |    r5 |    r1 |    r7 |         |         |    No |    No

     r1      r2      r3      r4      r5      r6      r7      r8      r9     r10     r11     r12      rb 
         |       |       |       | Divide |       |       |       |       |       |       |       | 

Clock: 24

Issue | Read Operand | Execution | Write Result | Intructions
    1 |            2 |         3 |            4 | ld r1 12+ rb
    5 |            6 |         7 |            8 | ld r3 16+ rb
    6 |            7 |         9 |           10 | subd r1 r2 r4
    9 |           10 |        11 |           12 | ld r5 11+ rb
   10 |           11 |        21 |           22 | muld r4 r2 r1
   13 |           14 |        16 |           17 | subd r5 r1 r3
   18 |           19 |         0 |            0 | divd r5 r1 r7

    FU     BUSY      OP      Fi      Fj      Fk      Qj      Qk      Rj      Rk 
Integer |    No |       |       |       |       |         |         |       |      
  Mult1 |    No |       |       |       |       |         |         |       |      
  Mult2 |    No |       |       |       |       |         |         |       |      
    Add |    No |       |       |       |       |         |         |       |      
 Divide |   Yes |  divd |    r5 |    r1 |    r7 |         |         |    No |    No

     r1      r2      r3      r4      r5      r6      r7      r8      r9     r10     r11     r12      rb 
         |       |       |       | Divide |       |       |       |       |       |       |       | 

Clock: 25

Issue | Read Operand | Execution | Write Result | Intructions
    1 |            2 |         3 |            4 | ld r1 12+ rb
    5 |            6 |         7 |            8 | ld r3 16+ rb
    6 |            7 |         9 |           10 | subd r1 r2 r4
    9 |           10 |        11 |           12 | ld r5 11+ rb
   10 |           11 |        21 |           22 | muld r4 r2 r1
   13 |           14 |        16 |           17 | subd r5 r1 r3
   18 |           19 |         0 |            0 | divd r5 r1 r7

    FU     BUSY      OP      Fi      Fj      Fk      Qj      Qk      Rj      Rk 
Integer |    No |       |       |       |       |         |         |       |      
  Mult1 |    No |       |       |       |       |         |         |       |      
  Mult2 |    No |       |       |       |       |         |         |       |      
    Add |    No |       |       |       |       |         |         |       |      
 Divide |   Yes |  divd |    r5 |    r1 |    r7 |         |         |    No |    No

     r1      r2      r3      r4      r5      r6      r7      r8      r9     r10     r11     r12      rb 
         |       |       |       | Divide |       |       |       |       |       |       |       | 

Clock: 26

Issue | Read Operand | Execution | Write Result | Intructions
    1 |            2 |         3 |            4 | ld r1 12+ rb
    5 |            6 |         7 |            8 | ld r3 16+ rb
    6 |            7 |         9 |           10 | subd r1 r2 r4
    9 |           10 |        11 |           12 | ld r5 11+ rb
   10 |           11 |        21 |           22 | muld r4 r2 r1
   13 |           14 |        16 |           17 | subd r5 r1 r3
   18 |           19 |         0 |            0 | divd r5 r1 r7

    FU     BUSY      OP      Fi      Fj      Fk      Qj      Qk      Rj      Rk 
Integer |    No |       |       |       |       |         |         |       |      
  Mult1 |    No |       |       |       |       |         |         |       |      
  Mult2 |    No |       |       |       |       |         |         |       |      
    Add |    No |       |       |       |       |         |         |       |      
 Divide |   Yes |  divd |    r5 |    r1 |    r7 |         |         |    No |    No

     r1      r2      r3      r4      r5      r6      r7      r8      r9     r10     r11     r12      rb 
         |       |       |       | Divide |       |       |       |       |       |       |       | 

Clock: 27

Issue | Read Operand | Execution | Write Result | Intructions
    1 |            2 |         3 |            4 | ld r1 12+ rb
    5 |            6 |         7 |            8 | ld r3 16+ rb
    6 |            7 |         9 |           10 | subd r1 r2 r4
    9 |           10 |        11 |           12 | ld r5 11+ rb
   10 |           11 |        21 |           22 | muld r4 r2 r1
   13 |           14 |        16 |           17 | subd r5 r1 r3
   18 |           19 |         0 |            0 | divd r5 r1 r7

    FU     BUSY      OP      Fi      Fj      Fk      Qj      Qk      Rj      Rk 
Integer |    No |       |       |       |       |         |         |       |      
  Mult1 |    No |       |       |       |       |         |         |       |      
  Mult2 |    No |       |       |       |       |         |         |       |      
    Add |    No |       |       |       |       |         |         |       |      
 Divide |   Yes |  divd |    r5 |    r1 |    r7 |         |         |    No |    No

     r1      r2      r3      r4      r5      r6      r7      r8      r9     r10     r11     r12      rb 
         |       |       |       | Divide |       |       |       |       |       |       |       | 

Clock: 28

Issue | Read Operand | Execution | Write Result | Intructions
    1 |            2 |         3 |            4 | ld r1 12+ rb
    5 |            6 |         7 |            8 | ld r3 16+ rb
    6 |            7 |         9 |           10 | subd r1 r2 r4
    9 |           10 |        11 |           12 | ld r5 11+ rb
   10 |           11 |        21 |           22 | muld r4 r2 r1
   13 |           14 |        16 |           17 | subd r5 r1 r3
   18 |           19 |         0 |            0 | divd r5 r1 r7

    FU     BUSY      OP      Fi      Fj      Fk      Qj      Qk      Rj      Rk 
Integer |    No |       |       |       |       |         |         |       |      
  Mult1 |    No |       |       |       |       |         |         |       |      
  Mult2 |    No |       |       |       |       |         |         |       |      
    Add |    No |       |       |       |       |         |         |       |      
 Divide |   Yes |  divd |    r5 |    r1 |    r7 |         |         |    No |    No

     r1      r2      r3      r4      r5      r6      r7      r8      r9     r10     r11     r12      rb 
         |       |       |       | Divide |       |       |       |       |       |       |       | 

Clock: 29

Issue | Read Operand | Execution | Write Result | Intructions
    1 |            2 |         3 |            4 | ld r1 12+ rb
    5 |            6 |         7 |            8 | ld r3 16+ rb
    6 |            7 |         9 |           10 | subd r1 r2 r4
    9 |           10 |        11 |           12 | ld r5 11+ rb
   10 |           11 |        21 |           22 | muld r4 r2 r1
   13 |           14 |        16 |           17 | subd r5 r1 r3
   18 |           19 |         0 |            0 | divd r5 r1 r7

    FU     BUSY      OP      Fi      Fj      Fk      Qj      Qk      Rj      Rk 
Integer |    No |       |       |       |       |         |         |       |      
  Mult1 |    No |       |       |       |       |         |         |       |      
  Mult2 |    No |       |       |       |       |         |         |       |      
    Add |    No |       |       |       |       |         |         |       |      
 Divide |   Yes |  divd |    r5 |    r1 |    r7 |         |         |    No |    No

     r1      r2      r3      r4      r5      r6      r7      r8      r9     r10     r11     r12      rb 
         |       |       |       | Divide |       |       |       |       |       |       |       | 

Clock: 30

Issue | Read Operand | Execution | Write Result | Intructions
    1 |            2 |         3 |            4 | ld r1 12+ rb
    5 |            6 |         7 |            8 | ld r3 16+ rb
    6 |            7 |         9 |           10 | subd r1 r2 r4
    9 |           10 |        11 |           12 | ld r5 11+ rb
   10 |           11 |        21 |           22 | muld r4 r2 r1
   13 |           14 |        16 |           17 | subd r5 r1 r3
   18 |           19 |         0 |            0 | divd r5 r1 r7

    FU     BUSY      OP      Fi      Fj      Fk      Qj      Qk      Rj      Rk 
Integer |    No |       |       |       |       |         |         |       |      
  Mult1 |    No |       |       |       |       |         |         |       |      
  Mult2 |    No |       |       |       |       |         |         |       |      
    Add |    No |       |       |       |       |         |         |       |      
 Divide |   Yes |  divd |    r5 |    r1 |    r7 |         |         |    No |    No

     r1      r2      r3      r4      r5      r6      r7      r8      r9     r10     r11     r12      rb 
         |       |       |       | Divide |       |       |       |       |       |       |       | 

Clock: 31

Issue | Read Operand | Execution | Write Result | Intructions
    1 |            2 |         3 |            4 | ld r1 12+ rb
    5 |            6 |         7 |            8 | ld r3 16+ rb
    6 |            7 |         9 |           10 | subd r1 r2 r4
    9 |           10 |        11 |           12 | ld r5 11+ rb
   10 |           11 |        21 |           22 | muld r4 r2 r1
   13 |           14 |        16 |           17 | subd r5 r1 r3
   18 |           19 |         0 |            0 | divd r5 r1 r7

    FU     BUSY      OP      Fi      Fj      Fk      Qj      Qk      Rj      Rk 
Integer |    No |       |       |       |       |         |         |       |      
  Mult1 |    No |       |       |       |       |         |         |       |      
  Mult2 |    No |       |       |       |       |         |         |       |      
    Add |    No |       |       |       |       |         |         |       |      
 Divide |   Yes |  divd |    r5 |    r1 |    r7 |         |         |    No |    No

     r1      r2      r3      r4      r5      r6      r7      r8      r9     r10     r11     r12      rb 
         |       |       |       | Divide |       |       |       |       |       |       |       | 

Clock: 32

Issue | Read Operand | Execution | Write Result | Intructions
    1 |            2 |         3 |            4 | ld r1 12+ rb
    5 |            6 |         7 |            8 | ld r3 16+ rb
    6 |            7 |         9 |           10 | subd r1 r2 r4
    9 |           10 |        11 |           12 | ld r5 11+ rb
   10 |           11 |        21 |           22 | muld r4 r2 r1
   13 |           14 |        16 |           17 | subd r5 r1 r3
   18 |           19 |         0 |            0 | divd r5 r1 r7

    FU     BUSY      OP      Fi      Fj      Fk      Qj      Qk      Rj      Rk 
Integer |    No |       |       |       |       |         |         |       |      
  Mult1 |    No |       |       |       |       |         |         |       |      
  Mult2 |    No |       |       |       |       |         |         |       |      
    Add |    No |       |       |       |       |         |         |       |      
 Divide |   Yes |  divd |    r5 |    r1 |    r7 |         |         |    No |    No

     r1      r2      r3      r4      r5      r6      r7      r8      r9     r10     r11     r12      rb 
         |       |       |       | Divide |       |       |       |       |       |       |       | 

Clock: 33

Issue | Read Operand | Execution | Write Result | Intructions
    1 |            2 |         3 |            4 | ld r1 12+ rb
    5 |            6 |         7 |            8 | ld r3 16+ rb
    6 |            7 |         9 |           10 | subd r1 r2 r4
    9 |           10 |        11 |           12 | ld r5 11+ rb
   10 |           11 |        21 |           22 | muld r4 r2 r1
   13 |           14 |        16 |           17 | subd r5 r1 r3
   18 |           19 |         0 |            0 | divd r5 r1 r7

    FU     BUSY      OP      Fi      Fj      Fk      Qj      Qk      Rj      Rk 
Integer |    No |       |       |       |       |         |         |       |      
  Mult1 |    No |       |       |       |       |         |         |       |      
  Mult2 |    No |       |       |       |       |         |         |       |      
    Add |    No |       |       |       |       |         |         |       |      
 Divide |   Yes |  divd |    r5 |    r1 |    r7 |         |         |    No |    No

     r1      r2      r3      r4      r5      r6      r7      r8      r9     r10     r11     r12      rb 
         |       |       |       | Divide |       |       |       |       |       |       |       | 

Clock: 34

Issue | Read Operand | Execution | Write Result | Intructions
    1 |            2 |         3 |            4 | ld r1 12+ rb
    5 |            6 |         7 |            8 | ld r3 16+ rb
    6 |            7 |         9 |           10 | subd r1 r2 r4
    9 |           10 |        11 |           12 | ld r5 11+ rb
   10 |           11 |        21 |           22 | muld r4 r2 r1
   13 |           14 |        16 |           17 | subd r5 r1 r3
   18 |           19 |         0 |            0 | divd r5 r1 r7

    FU     BUSY      OP      Fi      Fj      Fk      Qj      Qk      Rj      Rk 
Integer |    No |       |       |       |       |         |         |       |      
  Mult1 |    No |       |       |       |       |         |         |       |      
  Mult2 |    No |       |       |       |       |         |         |       |      
    Add |    No |       |       |       |       |         |         |       |      
 Divide |   Yes |  divd |    r5 |    r1 |    r7 |         |         |    No |    No

     r1      r2      r3      r4      r5      r6      r7      r8      r9     r10     r11     r12      rb 
         |       |       |       | Divide |       |       |       |       |       |       |       | 

Clock: 35

Issue | Read Operand | Execution | Write Result | Intructions
    1 |            2 |         3 |            4 | ld r1 12+ rb
    5 |            6 |         7 |            8 | ld r3 16+ rb
    6 |            7 |         9 |           10 | subd r1 r2 r4
    9 |           10 |        11 |           12 | ld r5 11+ rb
   10 |           11 |        21 |           22 | muld r4 r2 r1
   13 |           14 |        16 |           17 | subd r5 r1 r3
   18 |           19 |         0 |            0 | divd r5 r1 r7

    FU     BUSY      OP      Fi      Fj      Fk      Qj      Qk      Rj      Rk 
Integer |    No |       |       |       |       |         |         |       |      
  Mult1 |    No |       |       |       |       |         |         |       |      
  Mult2 |    No |       |       |       |       |         |         |       |      
    Add |    No |       |       |       |       |         |         |       |      
 Divide |   Yes |  divd |    r5 |    r1 |    r7 |         |         |    No |    No

     r1      r2      r3      r4      r5      r6      r7      r8      r9     r10     r11     r12      rb 
         |       |       |       | Divide |       |       |       |       |       |       |       | 

Clock: 36

Issue | Read Operand | Execution | Write Result | Intructions
    1 |            2 |         3 |            4 | ld r1 12+ rb
    5 |            6 |         7 |            8 | ld r3 16+ rb
    6 |            7 |         9 |           10 | subd r1 r2 r4
    9 |           10 |        11 |           12 | ld r5 11+ rb
   10 |           11 |        21 |           22 | muld r4 r2 r1
   13 |           14 |        16 |           17 | subd r5 r1 r3
   18 |           19 |         0 |            0 | divd r5 r1 r7

    FU     BUSY      OP      Fi      Fj      Fk      Qj      Qk      Rj      Rk 
Integer |    No |       |       |       |       |         |         |       |      
  Mult1 |    No |       |       |       |       |         |         |       |      
  Mult2 |    No |       |       |       |       |         |         |       |      
    Add |    No |       |       |       |       |         |         |       |      
 Divide |   Yes |  divd |    r5 |    r1 |    r7 |         |         |    No |    No

     r1      r2      r3      r4      r5      r6      r7      r8      r9     r10     r11     r12      rb 
         |       |       |       | Divide |       |       |       |       |       |       |       | 

Clock: 37

Issue | Read Operand | Execution | Write Result | Intructions
    1 |            2 |         3 |            4 | ld r1 12+ rb
    5 |            6 |         7 |            8 | ld r3 16+ rb
    6 |            7 |         9 |           10 | subd r1 r2 r4
    9 |           10 |        11 |           12 | ld r5 11+ rb
   10 |           11 |        21 |           22 | muld r4 r2 r1
   13 |           14 |        16 |           17 | subd r5 r1 r3
   18 |           19 |         0 |            0 | divd r5 r1 r7

    FU     BUSY      OP      Fi      Fj      Fk      Qj      Qk      Rj      Rk 
Integer |    No |       |       |       |       |         |         |       |      
  Mult1 |    No |       |       |       |       |         |         |       |      
  Mult2 |    No |       |       |       |       |         |         |       |      
    Add |    No |       |       |       |       |         |         |       |      
 Divide |   Yes |  divd |    r5 |    r1 |    r7 |         |         |    No |    No

     r1      r2      r3      r4      r5      r6      r7      r8      r9     r10     r11     r12      rb 
         |       |       |       | Divide |       |       |       |       |       |       |       | 

Clock: 38

Issue | Read Operand | Execution | Write Result | Intructions
    1 |            2 |         3 |            4 | ld r1 12+ rb
    5 |            6 |         7 |            8 | ld r3 16+ rb
    6 |            7 |         9 |           10 | subd r1 r2 r4
    9 |           10 |        11 |           12 | ld r5 11+ rb
   10 |           11 |        21 |           22 | muld r4 r2 r1
   13 |           14 |        16 |           17 | subd r5 r1 r3
   18 |           19 |         0 |            0 | divd r5 r1 r7

    FU     BUSY      OP      Fi      Fj      Fk      Qj      Qk      Rj      Rk 
Integer |    No |       |       |       |       |         |         |       |      
  Mult1 |    No |       |       |       |       |         |         |       |      
  Mult2 |    No |       |       |       |       |         |         |       |      
    Add |    No |       |       |       |       |         |         |       |      
 Divide |   Yes |  divd |    r5 |    r1 |    r7 |         |         |    No |    No

     r1      r2      r3      r4      r5      r6      r7      r8      r9     r10     r11     r12      rb 
         |       |       |       | Divide |       |       |       |       |       |       |       | 

Clock: 39

Issue | Read Operand | Execution | Write Result | Intructions
    1 |            2 |         3 |            4 | ld r1 12+ rb
    5 |            6 |         7 |            8 | ld r3 16+ rb
    6 |            7 |         9 |           10 | subd r1 r2 r4
    9 |           10 |        11 |           12 | ld r5 11+ rb
   10 |           11 |        21 |           22 | muld r4 r2 r1
   13 |           14 |        16 |           17 | subd r5 r1 r3
   18 |           19 |         0 |            0 | divd r5 r1 r7

    FU     BUSY      OP      Fi      Fj      Fk      Qj      Qk      Rj      Rk 
Integer |    No |       |       |       |       |         |         |       |      
  Mult1 |    No |       |       |       |       |         |         |       |      
  Mult2 |    No |       |       |       |       |         |         |       |      
    Add |    No |       |       |       |       |         |         |       |      
 Divide |   Yes |  divd |    r5 |    r1 |    r7 |         |         |    No |    No

     r1      r2      r3      r4      r5      r6      r7      r8      r9     r10     r11     r12      rb 
         |       |       |       | Divide |       |       |       |       |       |       |       | 

Clock: 40

Issue | Read Operand | Execution | Write Result | Intructions
    1 |            2 |         3 |            4 | ld r1 12+ rb
    5 |            6 |         7 |            8 | ld r3 16+ rb
    6 |            7 |         9 |           10 | subd r1 r2 r4
    9 |           10 |        11 |           12 | ld r5 11+ rb
   10 |           11 |        21 |           22 | muld r4 r2 r1
   13 |           14 |        16 |           17 | subd r5 r1 r3
   18 |           19 |         0 |            0 | divd r5 r1 r7

    FU     BUSY      OP      Fi      Fj      Fk      Qj      Qk      Rj      Rk 
Integer |    No |       |       |       |       |         |         |       |      
  Mult1 |    No |       |       |       |       |         |         |       |      
  Mult2 |    No |       |       |       |       |         |         |       |      
    Add |    No |       |       |       |       |         |         |       |      
 Divide |   Yes |  divd |    r5 |    r1 |    r7 |         |         |    No |    No

     r1      r2      r3      r4      r5      r6      r7      r8      r9     r10     r11     r12      rb 
         |       |       |       | Divide |       |       |       |       |       |       |       | 

Clock: 41

Issue | Read Operand | Execution | Write Result | Intructions
    1 |            2 |         3 |            4 | ld r1 12+ rb
    5 |            6 |         7 |            8 | ld r3 16+ rb
    6 |            7 |         9 |           10 | subd r1 r2 r4
    9 |           10 |        11 |           12 | ld r5 11+ rb
   10 |           11 |        21 |           22 | muld r4 r2 r1
   13 |           14 |        16 |           17 | subd r5 r1 r3
   18 |           19 |         0 |            0 | divd r5 r1 r7

    FU     BUSY      OP      Fi      Fj      Fk      Qj      Qk      Rj      Rk 
Integer |    No |       |       |       |       |         |         |       |      
  Mult1 |    No |       |       |       |       |         |         |       |      
  Mult2 |    No |       |       |       |       |         |         |       |      
    Add |    No |       |       |       |       |         |         |       |      
 Divide |   Yes |  divd |    r5 |    r1 |    r7 |         |         |    No |    No

     r1      r2      r3      r4      r5      r6      r7      r8      r9     r10     r11     r12      rb 
         |       |       |       | Divide |       |       |       |       |       |       |       | 

Clock: 42

Issue | Read Operand | Execution | Write Result | Intructions
    1 |            2 |         3 |            4 | ld r1 12+ rb
    5 |            6 |         7 |            8 | ld r3 16+ rb
    6 |            7 |         9 |           10 | subd r1 r2 r4
    9 |           10 |        11 |           12 | ld r5 11+ rb
   10 |           11 |        21 |           22 | muld r4 r2 r1
   13 |           14 |        16 |           17 | subd r5 r1 r3
   18 |           19 |         0 |            0 | divd r5 r1 r7

    FU     BUSY      OP      Fi      Fj      Fk      Qj      Qk      Rj      Rk 
Integer |    No |       |       |       |       |         |         |       |      
  Mult1 |    No |       |       |       |       |         |         |       |      
  Mult2 |    No |       |       |       |       |         |         |       |      
    Add |    No |       |       |       |       |         |         |       |      
 Divide |   Yes |  divd |    r5 |    r1 |    r7 |         |         |    No |    No

     r1      r2      r3      r4      r5      r6      r7      r8      r9     r10     r11     r12      rb 
         |       |       |       | Divide |       |       |       |       |       |       |       | 

Clock: 43

Issue | Read Operand | Execution | Write Result | Intructions
    1 |            2 |         3 |            4 | ld r1 12+ rb
    5 |            6 |         7 |            8 | ld r3 16+ rb
    6 |            7 |         9 |           10 | subd r1 r2 r4
    9 |           10 |        11 |           12 | ld r5 11+ rb
   10 |           11 |        21 |           22 | muld r4 r2 r1
   13 |           14 |        16 |           17 | subd r5 r1 r3
   18 |           19 |         0 |            0 | divd r5 r1 r7

    FU     BUSY      OP      Fi      Fj      Fk      Qj      Qk      Rj      Rk 
Integer |    No |       |       |       |       |         |         |       |      
  Mult1 |    No |       |       |       |       |         |         |       |      
  Mult2 |    No |       |       |       |       |         |         |       |      
    Add |    No |       |       |       |       |         |         |       |      
 Divide |   Yes |  divd |    r5 |    r1 |    r7 |         |         |    No |    No

     r1      r2      r3      r4      r5      r6      r7      r8      r9     r10     r11     r12      rb 
         |       |       |       | Divide |       |       |       |       |       |       |       | 

Clock: 44

Issue | Read Operand | Execution | Write Result | Intructions
    1 |            2 |         3 |            4 | ld r1 12+ rb
    5 |            6 |         7 |            8 | ld r3 16+ rb
    6 |            7 |         9 |           10 | subd r1 r2 r4
    9 |           10 |        11 |           12 | ld r5 11+ rb
   10 |           11 |        21 |           22 | muld r4 r2 r1
   13 |           14 |        16 |           17 | subd r5 r1 r3
   18 |           19 |         0 |            0 | divd r5 r1 r7

    FU     BUSY      OP      Fi      Fj      Fk      Qj      Qk      Rj      Rk 
Integer |    No |       |       |       |       |         |         |       |      
  Mult1 |    No |       |       |       |       |         |         |       |      
  Mult2 |    No |       |       |       |       |         |         |       |      
    Add |    No |       |       |       |       |         |         |       |      
 Divide |   Yes |  divd |    r5 |    r1 |    r7 |         |         |    No |    No

     r1      r2      r3      r4      r5      r6      r7      r8      r9     r10     r11     r12      rb 
         |       |       |       | Divide |       |       |       |       |       |       |       | 

Clock: 45

Issue | Read Operand | Execution | Write Result | Intructions
    1 |            2 |         3 |            4 | ld r1 12+ rb
    5 |            6 |         7 |            8 | ld r3 16+ rb
    6 |            7 |         9 |           10 | subd r1 r2 r4
    9 |           10 |        11 |           12 | ld r5 11+ rb
   10 |           11 |        21 |           22 | muld r4 r2 r1
   13 |           14 |        16 |           17 | subd r5 r1 r3
   18 |           19 |         0 |            0 | divd r5 r1 r7

    FU     BUSY      OP      Fi      Fj      Fk      Qj      Qk      Rj      Rk 
Integer |    No |       |       |       |       |         |         |       |      
  Mult1 |    No |       |       |       |       |         |         |       |      
  Mult2 |    No |       |       |       |       |         |         |       |      
    Add |    No |       |       |       |       |         |         |       |      
 Divide |   Yes |  divd |    r5 |    r1 |    r7 |         |         |    No |    No

     r1      r2      r3      r4      r5      r6      r7      r8      r9     r10     r11     r12      rb 
         |       |       |       | Divide |       |       |       |       |       |       |       | 

Clock: 46

Issue | Read Operand | Execution | Write Result | Intructions
    1 |            2 |         3 |            4 | ld r1 12+ rb
    5 |            6 |         7 |            8 | ld r3 16+ rb
    6 |            7 |         9 |           10 | subd r1 r2 r4
    9 |           10 |        11 |           12 | ld r5 11+ rb
   10 |           11 |        21 |           22 | muld r4 r2 r1
   13 |           14 |        16 |           17 | subd r5 r1 r3
   18 |           19 |         0 |            0 | divd r5 r1 r7

    FU     BUSY      OP      Fi      Fj      Fk      Qj      Qk      Rj      Rk 
Integer |    No |       |       |       |       |         |         |       |      
  Mult1 |    No |       |       |       |       |         |         |       |      
  Mult2 |    No |       |       |       |       |         |         |       |      
    Add |    No |       |       |       |       |         |         |       |      
 Divide |   Yes |  divd |    r5 |    r1 |    r7 |         |         |    No |    No

     r1      r2      r3      r4      r5      r6      r7      r8      r9     r10     r11     r12      rb 
         |       |       |       | Divide |       |       |       |       |       |       |       | 

Clock: 47

Issue | Read Operand | Execution | Write Result | Intructions
    1 |            2 |         3 |            4 | ld r1 12+ rb
    5 |            6 |         7 |            8 | ld r3 16+ rb
    6 |            7 |         9 |           10 | subd r1 r2 r4
    9 |           10 |        11 |           12 | ld r5 11+ rb
   10 |           11 |        21 |           22 | muld r4 r2 r1
   13 |           14 |        16 |           17 | subd r5 r1 r3
   18 |           19 |         0 |            0 | divd r5 r1 r7

    FU     BUSY      OP      Fi      Fj      Fk      Qj      Qk      Rj      Rk 
Integer |    No |       |       |       |       |         |         |       |      
  Mult1 |    No |       |       |       |       |         |         |       |      
  Mult2 |    No |       |       |       |       |         |         |       |      
    Add |    No |       |       |       |       |         |         |       |      
 Divide |   Yes |  divd |    r5 |    r1 |    r7 |         |         |    No |    No

     r1      r2      r3      r4      r5      r6      r7      r8      r9     r10     r11     r12      rb 
         |       |       |       | Divide |       |       |       |       |       |       |       | 

Clock: 48

Issue | Read Operand | Execution | Write Result | Intructions
    1 |            2 |         3 |            4 | ld r1 12+ rb
    5 |            6 |         7 |            8 | ld r3 16+ rb
    6 |            7 |         9 |           10 | subd r1 r2 r4
    9 |           10 |        11 |           12 | ld r5 11+ rb
   10 |           11 |        21 |           22 | muld r4 r2 r1
   13 |           14 |        16 |           17 | subd r5 r1 r3
   18 |           19 |         0 |            0 | divd r5 r1 r7

    FU     BUSY      OP      Fi      Fj      Fk      Qj      Qk      Rj      Rk 
Integer |    No |       |       |       |       |         |         |       |      
  Mult1 |    No |       |       |       |       |         |         |       |      
  Mult2 |    No |       |       |       |       |         |         |       |      
    Add |    No |       |       |       |       |         |         |       |      
 Divide |   Yes |  divd |    r5 |    r1 |    r7 |         |         |    No |    No

     r1      r2      r3      r4      r5      r6      r7      r8      r9     r10     r11     r12      rb 
         |       |       |       | Divide |       |       |       |       |       |       |       | 

Clock: 49

Issue | Read Operand | Execution | Write Result | Intructions
    1 |            2 |         3 |            4 | ld r1 12+ rb
    5 |            6 |         7 |            8 | ld r3 16+ rb
    6 |            7 |         9 |           10 | subd r1 r2 r4
    9 |           10 |        11 |           12 | ld r5 11+ rb
   10 |           11 |        21 |           22 | muld r4 r2 r1
   13 |           14 |        16 |           17 | subd r5 r1 r3
   18 |           19 |         0 |            0 | divd r5 r1 r7

    FU     BUSY      OP      Fi      Fj      Fk      Qj      Qk      Rj      Rk 
Integer |    No |       |       |       |       |         |         |       |      
  Mult1 |    No |       |       |       |       |         |         |       |      
  Mult2 |    No |       |       |       |       |         |         |       |      
    Add |    No |       |       |       |       |         |         |       |      
 Divide |   Yes |  divd |    r5 |    r1 |    r7 |         |         |    No |    No

     r1      r2      r3      r4      r5      r6      r7      r8      r9     r10     r11     r12      rb 
         |       |       |       | Divide |       |       |       |       |       |       |       | 

Clock: 50

Issue | Read Operand | Execution | Write Result | Intructions
    1 |            2 |         3 |            4 | ld r1 12+ rb
    5 |            6 |         7 |            8 | ld r3 16+ rb
    6 |            7 |         9 |           10 | subd r1 r2 r4
    9 |           10 |        11 |           12 | ld r5 11+ rb
   10 |           11 |        21 |           22 | muld r4 r2 r1
   13 |           14 |        16 |           17 | subd r5 r1 r3
   18 |           19 |         0 |            0 | divd r5 r1 r7

    FU     BUSY      OP      Fi      Fj      Fk      Qj      Qk      Rj      Rk 
Integer |    No |       |       |       |       |         |         |       |      
  Mult1 |    No |       |       |       |       |         |         |       |      
  Mult2 |    No |       |       |       |       |         |         |       |      
    Add |    No |       |       |       |       |         |         |       |      
 Divide |   Yes |  divd |    r5 |    r1 |    r7 |         |         |    No |    No

     r1      r2      r3      r4      r5      r6      r7      r8      r9     r10     r11     r12      rb 
         |       |       |       | Divide |       |       |       |       |       |       |       | 

Clock: 51

Issue | Read Operand | Execution | Write Result | Intructions
    1 |            2 |         3 |            4 | ld r1 12+ rb
    5 |            6 |         7 |            8 | ld r3 16+ rb
    6 |            7 |         9 |           10 | subd r1 r2 r4
    9 |           10 |        11 |           12 | ld r5 11+ rb
   10 |           11 |        21 |           22 | muld r4 r2 r1
   13 |           14 |        16 |           17 | subd r5 r1 r3
   18 |           19 |         0 |            0 | divd r5 r1 r7

    FU     BUSY      OP      Fi      Fj      Fk      Qj      Qk      Rj      Rk 
Integer |    No |       |       |       |       |         |         |       |      
  Mult1 |    No |       |       |       |       |         |         |       |      
  Mult2 |    No |       |       |       |       |         |         |       |      
    Add |    No |       |       |       |       |         |         |       |      
 Divide |   Yes |  divd |    r5 |    r1 |    r7 |         |         |    No |    No

     r1      r2      r3      r4      r5      r6      r7      r8      r9     r10     r11     r12      rb 
         |       |       |       | Divide |       |       |       |       |       |       |       | 

Clock: 52

Issue | Read Operand | Execution | Write Result | Intructions
    1 |            2 |         3 |            4 | ld r1 12+ rb
    5 |            6 |         7 |            8 | ld r3 16+ rb
    6 |            7 |         9 |           10 | subd r1 r2 r4
    9 |           10 |        11 |           12 | ld r5 11+ rb
   10 |           11 |        21 |           22 | muld r4 r2 r1
   13 |           14 |        16 |           17 | subd r5 r1 r3
   18 |           19 |         0 |            0 | divd r5 r1 r7

    FU     BUSY      OP      Fi      Fj      Fk      Qj      Qk      Rj      Rk 
Integer |    No |       |       |       |       |         |         |       |      
  Mult1 |    No |       |       |       |       |         |         |       |      
  Mult2 |    No |       |       |       |       |         |         |       |      
    Add |    No |       |       |       |       |         |         |       |      
 Divide |   Yes |  divd |    r5 |    r1 |    r7 |         |         |    No |    No

     r1      r2      r3      r4      r5      r6      r7      r8      r9     r10     r11     r12      rb 
         |       |       |       | Divide |       |       |       |       |       |       |       | 

Clock: 53

Issue | Read Operand | Execution | Write Result | Intructions
    1 |            2 |         3 |            4 | ld r1 12+ rb
    5 |            6 |         7 |            8 | ld r3 16+ rb
    6 |            7 |         9 |           10 | subd r1 r2 r4
    9 |           10 |        11 |           12 | ld r5 11+ rb
   10 |           11 |        21 |           22 | muld r4 r2 r1
   13 |           14 |        16 |           17 | subd r5 r1 r3
   18 |           19 |         0 |            0 | divd r5 r1 r7

    FU     BUSY      OP      Fi      Fj      Fk      Qj      Qk      Rj      Rk 
Integer |    No |       |       |       |       |         |         |       |      
  Mult1 |    No |       |       |       |       |         |         |       |      
  Mult2 |    No |       |       |       |       |         |         |       |      
    Add |    No |       |       |       |       |         |         |       |      
 Divide |   Yes |  divd |    r5 |    r1 |    r7 |         |         |    No |    No

     r1      r2      r3      r4      r5      r6      r7      r8      r9     r10     r11     r12      rb 
         |       |       |       | Divide |       |       |       |       |       |       |       | 

Clock: 54

Issue | Read Operand | Execution | Write Result | Intructions
    1 |            2 |         3 |            4 | ld r1 12+ rb
    5 |            6 |         7 |            8 | ld r3 16+ rb
    6 |            7 |         9 |           10 | subd r1 r2 r4
    9 |           10 |        11 |           12 | ld r5 11+ rb
   10 |           11 |        21 |           22 | muld r4 r2 r1
   13 |           14 |        16 |           17 | subd r5 r1 r3
   18 |           19 |         0 |            0 | divd r5 r1 r7

    FU     BUSY      OP      Fi      Fj      Fk      Qj      Qk      Rj      Rk 
Integer |    No |       |       |       |       |         |         |       |      
  Mult1 |    No |       |       |       |       |         |         |       |      
  Mult2 |    No |       |       |       |       |         |         |       |      
    Add |    No |       |       |       |       |         |         |       |      
 Divide |   Yes |  divd |    r5 |    r1 |    r7 |         |         |    No |    No

     r1      r2      r3      r4      r5      r6      r7      r8      r9     r10     r11     r12      rb 
         |       |       |       | Divide |       |       |       |       |       |       |       | 

Clock: 55

Issue | Read Operand | Execution | Write Result | Intructions
    1 |            2 |         3 |            4 | ld r1 12+ rb
    5 |            6 |         7 |            8 | ld r3 16+ rb
    6 |            7 |         9 |           10 | subd r1 r2 r4
    9 |           10 |        11 |           12 | ld r5 11+ rb
   10 |           11 |        21 |           22 | muld r4 r2 r1
   13 |           14 |        16 |           17 | subd r5 r1 r3
   18 |           19 |         0 |            0 | divd r5 r1 r7

    FU     BUSY      OP      Fi      Fj      Fk      Qj      Qk      Rj      Rk 
Integer |    No |       |       |       |       |         |         |       |      
  Mult1 |    No |       |       |       |       |         |         |       |      
  Mult2 |    No |       |       |       |       |         |         |       |      
    Add |    No |       |       |       |       |         |         |       |      
 Divide |   Yes |  divd |    r5 |    r1 |    r7 |         |         |    No |    No

     r1      r2      r3      r4      r5      r6      r7      r8      r9     r10     r11     r12      rb 
         |       |       |       | Divide |       |       |       |       |       |       |       | 

Clock: 56

Issue | Read Operand | Execution | Write Result | Intructions
    1 |            2 |         3 |            4 | ld r1 12+ rb
    5 |            6 |         7 |            8 | ld r3 16+ rb
    6 |            7 |         9 |           10 | subd r1 r2 r4
    9 |           10 |        11 |           12 | ld r5 11+ rb
   10 |           11 |        21 |           22 | muld r4 r2 r1
   13 |           14 |        16 |           17 | subd r5 r1 r3
   18 |           19 |         0 |            0 | divd r5 r1 r7

    FU     BUSY      OP      Fi      Fj      Fk      Qj      Qk      Rj      Rk 
Integer |    No |       |       |       |       |         |         |       |      
  Mult1 |    No |       |       |       |       |         |         |       |      
  Mult2 |    No |       |       |       |       |         |         |       |      
    Add |    No |       |       |       |       |         |         |       |      
 Divide |   Yes |  divd |    r5 |    r1 |    r7 |         |         |    No |    No

     r1      r2      r3      r4      r5      r6      r7      r8      r9     r10     r11     r12      rb 
         |       |       |       | Divide |       |       |       |       |       |       |       | 

Clock: 57

Issue | Read Operand | Execution | Write Result | Intructions
    1 |            2 |         3 |            4 | ld r1 12+ rb
    5 |            6 |         7 |            8 | ld r3 16+ rb
    6 |            7 |         9 |           10 | subd r1 r2 r4
    9 |           10 |        11 |           12 | ld r5 11+ rb
   10 |           11 |        21 |           22 | muld r4 r2 r1
   13 |           14 |        16 |           17 | subd r5 r1 r3
   18 |           19 |         0 |            0 | divd r5 r1 r7

    FU     BUSY      OP      Fi      Fj      Fk      Qj      Qk      Rj      Rk 
Integer |    No |       |       |       |       |         |         |       |      
  Mult1 |    No |       |       |       |       |         |         |       |      
  Mult2 |    No |       |       |       |       |         |         |       |      
    Add |    No |       |       |       |       |         |         |       |      
 Divide |   Yes |  divd |    r5 |    r1 |    r7 |         |         |    No |    No

     r1      r2      r3      r4      r5      r6      r7      r8      r9     r10     r11     r12      rb 
         |       |       |       | Divide |       |       |       |       |       |       |       | 

Clock: 58

Issue | Read Operand | Execution | Write Result | Intructions
    1 |            2 |         3 |            4 | ld r1 12+ rb
    5 |            6 |         7 |            8 | ld r3 16+ rb
    6 |            7 |         9 |           10 | subd r1 r2 r4
    9 |           10 |        11 |           12 | ld r5 11+ rb
   10 |           11 |        21 |           22 | muld r4 r2 r1
   13 |           14 |        16 |           17 | subd r5 r1 r3
   18 |           19 |        59 |            0 | divd r5 r1 r7

    FU     BUSY      OP      Fi      Fj      Fk      Qj      Qk      Rj      Rk 
Integer |    No |       |       |       |       |         |         |       |      
  Mult1 |    No |       |       |       |       |         |         |       |      
  Mult2 |    No |       |       |       |       |         |         |       |      
    Add |    No |       |       |       |       |         |         |       |      
 Divide |   Yes |  divd |    r5 |    r1 |    r7 |         |         |    No |    No

     r1      r2      r3      r4      r5      r6      r7      r8      r9     r10     r11     r12      rb 
         |       |       |       | Divide |       |       |       |       |       |       |       | 

Clock: 59

Issue | Read Operand | Execution | Write Result | Intructions
    1 |            2 |         3 |            4 | ld r1 12+ rb
    5 |            6 |         7 |            8 | ld r3 16+ rb
    6 |            7 |         9 |           10 | subd r1 r2 r4
    9 |           10 |        11 |           12 | ld r5 11+ rb
   10 |           11 |        21 |           22 | muld r4 r2 r1
   13 |           14 |        16 |           17 | subd r5 r1 r3
   18 |           19 |        59 |           60 | divd r5 r1 r7

    FU     BUSY      OP      Fi      Fj      Fk      Qj      Qk      Rj      Rk 
Integer |    No |       |       |       |       |         |         |       |      
  Mult1 |    No |       |       |       |       |         |         |       |      
  Mult2 |    No |       |       |       |       |         |         |       |      
    Add |    No |       |       |       |       |         |         |       |      
 Divide |    No |       |       |       |       |         |         |       |      

     r1      r2      r3      r4      r5      r6      r7      r8      r9     r10     r11     r12      rb 
         |       |       |       |       |       |       |       |       |       |       |       | 

Clock: 60

