Issue | Read Operand | Execution | Write Result | Intructions
    1 |            0 |         0 |            0 | ld r1 12+ rb
    0 |            0 |         0 |            0 | ld r2 14+ rb
    0 |            0 |         0 |            0 | ld r3 16+ rb
    0 |            0 |         0 |            0 | ld r4 17+ rb
    0 |            0 |         0 |            0 | subd r1 r1 r3
    0 |            0 |         0 |            0 | muld r1 r2 r4
    0 |            0 |         0 |            0 | muld r2 r2 r4
    0 |            0 |         0 |            0 | addd r4 r4 r2
    0 |            0 |         0 |            0 | subd r2 r4 r3

    FU     BUSY      OP      Fi      Fj      Fk      Qj      Qk      Rj      Rk 
Integer |   Yes |    ld |    r1 |       |    rb |         |         |       |   Yes
  Mult1 |    No |       |       |       |       |         |         |       |      
  Mult2 |    No |       |       |       |       |         |         |       |      
    Add |    No |       |       |       |       |         |         |       |      
 Divide |    No |       |       |       |       |         |         |       |      

     r1      r2      r3      r4      r5      r6      r7      r8      r9     r10     r11     r12      rb 
 Integer |       |       |       |       |       |       |       |       |       |       |       | 

Clock: 1

Issue | Read Operand | Execution | Write Result | Intructions
    1 |            2 |         0 |            0 | ld r1 12+ rb
    0 |            0 |         0 |            0 | ld r2 14+ rb
    0 |            0 |         0 |            0 | ld r3 16+ rb
    0 |            0 |         0 |            0 | ld r4 17+ rb
    0 |            0 |         0 |            0 | subd r1 r1 r3
    0 |            0 |         0 |            0 | muld r1 r2 r4
    0 |            0 |         0 |            0 | muld r2 r2 r4
    0 |            0 |         0 |            0 | addd r4 r4 r2
    0 |            0 |         0 |            0 | subd r2 r4 r3

    FU     BUSY      OP      Fi      Fj      Fk      Qj      Qk      Rj      Rk 
Integer |   Yes |    ld |    r1 |       |    rb |         |         |       |    No
  Mult1 |    No |       |       |       |       |         |         |       |      
  Mult2 |    No |       |       |       |       |         |         |       |      
    Add |    No |       |       |       |       |         |         |       |      
 Divide |    No |       |       |       |       |         |         |       |      

     r1      r2      r3      r4      r5      r6      r7      r8      r9     r10     r11     r12      rb 
 Integer |       |       |       |       |       |       |       |       |       |       |       | 

Clock: 2

Issue | Read Operand | Execution | Write Result | Intructions
    1 |            2 |         3 |            0 | ld r1 12+ rb
    0 |            0 |         0 |            0 | ld r2 14+ rb
    0 |            0 |         0 |            0 | ld r3 16+ rb
    0 |            0 |         0 |            0 | ld r4 17+ rb
    0 |            0 |         0 |            0 | subd r1 r1 r3
    0 |            0 |         0 |            0 | muld r1 r2 r4
    0 |            0 |         0 |            0 | muld r2 r2 r4
    0 |            0 |         0 |            0 | addd r4 r4 r2
    0 |            0 |         0 |            0 | subd r2 r4 r3

    FU     BUSY      OP      Fi      Fj      Fk      Qj      Qk      Rj      Rk 
Integer |   Yes |    ld |    r1 |       |    rb |         |         |       |    No
  Mult1 |    No |       |       |       |       |         |         |       |      
  Mult2 |    No |       |       |       |       |         |         |       |      
    Add |    No |       |       |       |       |         |         |       |      
 Divide |    No |       |       |       |       |         |         |       |      

     r1      r2      r3      r4      r5      r6      r7      r8      r9     r10     r11     r12      rb 
 Integer |       |       |       |       |       |       |       |       |       |       |       | 

Clock: 3

Issue | Read Operand | Execution | Write Result | Intructions
    1 |            2 |         3 |            4 | ld r1 12+ rb
    0 |            0 |         0 |            0 | ld r2 14+ rb
    0 |            0 |         0 |            0 | ld r3 16+ rb
    0 |            0 |         0 |            0 | ld r4 17+ rb
    0 |            0 |         0 |            0 | subd r1 r1 r3
    0 |            0 |         0 |            0 | muld r1 r2 r4
    0 |            0 |         0 |            0 | muld r2 r2 r4
    0 |            0 |         0 |            0 | addd r4 r4 r2
    0 |            0 |         0 |            0 | subd r2 r4 r3

    FU     BUSY      OP      Fi      Fj      Fk      Qj      Qk      Rj      Rk 
Integer |    No |       |       |       |       |         |         |       |      
  Mult1 |    No |       |       |       |       |         |         |       |      
  Mult2 |    No |       |       |       |       |         |         |       |      
    Add |    No |       |       |       |       |         |         |       |      
 Divide |    No |       |       |       |       |         |         |       |      

     r1      r2      r3      r4      r5      r6      r7      r8      r9     r10     r11     r12      rb 
         |       |       |       |       |       |       |       |       |       |       |       | 

Clock: 4

Issue | Read Operand | Execution | Write Result | Intructions
    1 |            2 |         3 |            4 | ld r1 12+ rb
    5 |            0 |         0 |            0 | ld r2 14+ rb
    0 |            0 |         0 |            0 | ld r3 16+ rb
    0 |            0 |         0 |            0 | ld r4 17+ rb
    0 |            0 |         0 |            0 | subd r1 r1 r3
    0 |            0 |         0 |            0 | muld r1 r2 r4
    0 |            0 |         0 |            0 | muld r2 r2 r4
    0 |            0 |         0 |            0 | addd r4 r4 r2
    0 |            0 |         0 |            0 | subd r2 r4 r3

    FU     BUSY      OP      Fi      Fj      Fk      Qj      Qk      Rj      Rk 
Integer |   Yes |    ld |    r2 |       |    rb |         |         |       |   Yes
  Mult1 |    No |       |       |       |       |         |         |       |      
  Mult2 |    No |       |       |       |       |         |         |       |      
    Add |    No |       |       |       |       |         |         |       |      
 Divide |    No |       |       |       |       |         |         |       |      

     r1      r2      r3      r4      r5      r6      r7      r8      r9     r10     r11     r12      rb 
         | Integer |       |       |       |       |       |       |       |       |       |       | 

Clock: 5

Issue | Read Operand | Execution | Write Result | Intructions
    1 |            2 |         3 |            4 | ld r1 12+ rb
    5 |            6 |         0 |            0 | ld r2 14+ rb
    0 |            0 |         0 |            0 | ld r3 16+ rb
    0 |            0 |         0 |            0 | ld r4 17+ rb
    0 |            0 |         0 |            0 | subd r1 r1 r3
    0 |            0 |         0 |            0 | muld r1 r2 r4
    0 |            0 |         0 |            0 | muld r2 r2 r4
    0 |            0 |         0 |            0 | addd r4 r4 r2
    0 |            0 |         0 |            0 | subd r2 r4 r3

    FU     BUSY      OP      Fi      Fj      Fk      Qj      Qk      Rj      Rk 
Integer |   Yes |    ld |    r2 |       |    rb |         |         |       |    No
  Mult1 |    No |       |       |       |       |         |         |       |      
  Mult2 |    No |       |       |       |       |         |         |       |      
    Add |    No |       |       |       |       |         |         |       |      
 Divide |    No |       |       |       |       |         |         |       |      

     r1      r2      r3      r4      r5      r6      r7      r8      r9     r10     r11     r12      rb 
         | Integer |       |       |       |       |       |       |       |       |       |       | 

Clock: 6

Issue | Read Operand | Execution | Write Result | Intructions
    1 |            2 |         3 |            4 | ld r1 12+ rb
    5 |            6 |         7 |            0 | ld r2 14+ rb
    0 |            0 |         0 |            0 | ld r3 16+ rb
    0 |            0 |         0 |            0 | ld r4 17+ rb
    0 |            0 |         0 |            0 | subd r1 r1 r3
    0 |            0 |         0 |            0 | muld r1 r2 r4
    0 |            0 |         0 |            0 | muld r2 r2 r4
    0 |            0 |         0 |            0 | addd r4 r4 r2
    0 |            0 |         0 |            0 | subd r2 r4 r3

    FU     BUSY      OP      Fi      Fj      Fk      Qj      Qk      Rj      Rk 
Integer |   Yes |    ld |    r2 |       |    rb |         |         |       |    No
  Mult1 |    No |       |       |       |       |         |         |       |      
  Mult2 |    No |       |       |       |       |         |         |       |      
    Add |    No |       |       |       |       |         |         |       |      
 Divide |    No |       |       |       |       |         |         |       |      

     r1      r2      r3      r4      r5      r6      r7      r8      r9     r10     r11     r12      rb 
         | Integer |       |       |       |       |       |       |       |       |       |       | 

Clock: 7

Issue | Read Operand | Execution | Write Result | Intructions
    1 |            2 |         3 |            4 | ld r1 12+ rb
    5 |            6 |         7 |            8 | ld r2 14+ rb
    0 |            0 |         0 |            0 | ld r3 16+ rb
    0 |            0 |         0 |            0 | ld r4 17+ rb
    0 |            0 |         0 |            0 | subd r1 r1 r3
    0 |            0 |         0 |            0 | muld r1 r2 r4
    0 |            0 |         0 |            0 | muld r2 r2 r4
    0 |            0 |         0 |            0 | addd r4 r4 r2
    0 |            0 |         0 |            0 | subd r2 r4 r3

    FU     BUSY      OP      Fi      Fj      Fk      Qj      Qk      Rj      Rk 
Integer |    No |       |       |       |       |         |         |       |      
  Mult1 |    No |       |       |       |       |         |         |       |      
  Mult2 |    No |       |       |       |       |         |         |       |      
    Add |    No |       |       |       |       |         |         |       |      
 Divide |    No |       |       |       |       |         |         |       |      

     r1      r2      r3      r4      r5      r6      r7      r8      r9     r10     r11     r12      rb 
         |       |       |       |       |       |       |       |       |       |       |       | 

Clock: 8

Issue | Read Operand | Execution | Write Result | Intructions
    1 |            2 |         3 |            4 | ld r1 12+ rb
    5 |            6 |         7 |            8 | ld r2 14+ rb
    9 |            0 |         0 |            0 | ld r3 16+ rb
    0 |            0 |         0 |            0 | ld r4 17+ rb
    0 |            0 |         0 |            0 | subd r1 r1 r3
    0 |            0 |         0 |            0 | muld r1 r2 r4
    0 |            0 |         0 |            0 | muld r2 r2 r4
    0 |            0 |         0 |            0 | addd r4 r4 r2
    0 |            0 |         0 |            0 | subd r2 r4 r3

    FU     BUSY      OP      Fi      Fj      Fk      Qj      Qk      Rj      Rk 
Integer |   Yes |    ld |    r3 |       |    rb |         |         |       |   Yes
  Mult1 |    No |       |       |       |       |         |         |       |      
  Mult2 |    No |       |       |       |       |         |         |       |      
    Add |    No |       |       |       |       |         |         |       |      
 Divide |    No |       |       |       |       |         |         |       |      

     r1      r2      r3      r4      r5      r6      r7      r8      r9     r10     r11     r12      rb 
         |       | Integer |       |       |       |       |       |       |       |       |       | 

Clock: 9

Issue | Read Operand | Execution | Write Result | Intructions
    1 |            2 |         3 |            4 | ld r1 12+ rb
    5 |            6 |         7 |            8 | ld r2 14+ rb
    9 |           10 |         0 |            0 | ld r3 16+ rb
    0 |            0 |         0 |            0 | ld r4 17+ rb
    0 |            0 |         0 |            0 | subd r1 r1 r3
    0 |            0 |         0 |            0 | muld r1 r2 r4
    0 |            0 |         0 |            0 | muld r2 r2 r4
    0 |            0 |         0 |            0 | addd r4 r4 r2
    0 |            0 |         0 |            0 | subd r2 r4 r3

    FU     BUSY      OP      Fi      Fj      Fk      Qj      Qk      Rj      Rk 
Integer |   Yes |    ld |    r3 |       |    rb |         |         |       |    No
  Mult1 |    No |       |       |       |       |         |         |       |      
  Mult2 |    No |       |       |       |       |         |         |       |      
    Add |    No |       |       |       |       |         |         |       |      
 Divide |    No |       |       |       |       |         |         |       |      

     r1      r2      r3      r4      r5      r6      r7      r8      r9     r10     r11     r12      rb 
         |       | Integer |       |       |       |       |       |       |       |       |       | 

Clock: 10

Issue | Read Operand | Execution | Write Result | Intructions
    1 |            2 |         3 |            4 | ld r1 12+ rb
    5 |            6 |         7 |            8 | ld r2 14+ rb
    9 |           10 |        11 |            0 | ld r3 16+ rb
    0 |            0 |         0 |            0 | ld r4 17+ rb
    0 |            0 |         0 |            0 | subd r1 r1 r3
    0 |            0 |         0 |            0 | muld r1 r2 r4
    0 |            0 |         0 |            0 | muld r2 r2 r4
    0 |            0 |         0 |            0 | addd r4 r4 r2
    0 |            0 |         0 |            0 | subd r2 r4 r3

    FU     BUSY      OP      Fi      Fj      Fk      Qj      Qk      Rj      Rk 
Integer |   Yes |    ld |    r3 |       |    rb |         |         |       |    No
  Mult1 |    No |       |       |       |       |         |         |       |      
  Mult2 |    No |       |       |       |       |         |         |       |      
    Add |    No |       |       |       |       |         |         |       |      
 Divide |    No |       |       |       |       |         |         |       |      

     r1      r2      r3      r4      r5      r6      r7      r8      r9     r10     r11     r12      rb 
         |       | Integer |       |       |       |       |       |       |       |       |       | 

Clock: 11

Issue | Read Operand | Execution | Write Result | Intructions
    1 |            2 |         3 |            4 | ld r1 12+ rb
    5 |            6 |         7 |            8 | ld r2 14+ rb
    9 |           10 |        11 |           12 | ld r3 16+ rb
    0 |            0 |         0 |            0 | ld r4 17+ rb
    0 |            0 |         0 |            0 | subd r1 r1 r3
    0 |            0 |         0 |            0 | muld r1 r2 r4
    0 |            0 |         0 |            0 | muld r2 r2 r4
    0 |            0 |         0 |            0 | addd r4 r4 r2
    0 |            0 |         0 |            0 | subd r2 r4 r3

    FU     BUSY      OP      Fi      Fj      Fk      Qj      Qk      Rj      Rk 
Integer |    No |       |       |       |       |         |         |       |      
  Mult1 |    No |       |       |       |       |         |         |       |      
  Mult2 |    No |       |       |       |       |         |         |       |      
    Add |    No |       |       |       |       |         |         |       |      
 Divide |    No |       |       |       |       |         |         |       |      

     r1      r2      r3      r4      r5      r6      r7      r8      r9     r10     r11     r12      rb 
         |       |       |       |       |       |       |       |       |       |       |       | 

Clock: 12

Issue | Read Operand | Execution | Write Result | Intructions
    1 |            2 |         3 |            4 | ld r1 12+ rb
    5 |            6 |         7 |            8 | ld r2 14+ rb
    9 |           10 |        11 |           12 | ld r3 16+ rb
   13 |            0 |         0 |            0 | ld r4 17+ rb
    0 |            0 |         0 |            0 | subd r1 r1 r3
    0 |            0 |         0 |            0 | muld r1 r2 r4
    0 |            0 |         0 |            0 | muld r2 r2 r4
    0 |            0 |         0 |            0 | addd r4 r4 r2
    0 |            0 |         0 |            0 | subd r2 r4 r3

    FU     BUSY      OP      Fi      Fj      Fk      Qj      Qk      Rj      Rk 
Integer |   Yes |    ld |    r4 |       |    rb |         |         |       |   Yes
  Mult1 |    No |       |       |       |       |         |         |       |      
  Mult2 |    No |       |       |       |       |         |         |       |      
    Add |    No |       |       |       |       |         |         |       |      
 Divide |    No |       |       |       |       |         |         |       |      

     r1      r2      r3      r4      r5      r6      r7      r8      r9     r10     r11     r12      rb 
         |       |       | Integer |       |       |       |       |       |       |       |       | 

Clock: 13

Issue | Read Operand | Execution | Write Result | Intructions
    1 |            2 |         3 |            4 | ld r1 12+ rb
    5 |            6 |         7 |            8 | ld r2 14+ rb
    9 |           10 |        11 |           12 | ld r3 16+ rb
   13 |           14 |         0 |            0 | ld r4 17+ rb
   14 |            0 |         0 |            0 | subd r1 r1 r3
    0 |            0 |         0 |            0 | muld r1 r2 r4
    0 |            0 |         0 |            0 | muld r2 r2 r4
    0 |            0 |         0 |            0 | addd r4 r4 r2
    0 |            0 |         0 |            0 | subd r2 r4 r3

    FU     BUSY      OP      Fi      Fj      Fk      Qj      Qk      Rj      Rk 
Integer |   Yes |    ld |    r4 |       |    rb |         |         |       |    No
  Mult1 |    No |       |       |       |       |         |         |       |      
  Mult2 |    No |       |       |       |       |         |         |       |      
    Add |   Yes |  subd |    r1 |    r1 |    r3 |         |         |   Yes |   Yes
 Divide |    No |       |       |       |       |         |         |       |      

     r1      r2      r3      r4      r5      r6      r7      r8      r9     r10     r11     r12      rb 
     Add |       |       | Integer |       |       |       |       |       |       |       |       | 

Clock: 14

Issue | Read Operand | Execution | Write Result | Intructions
    1 |            2 |         3 |            4 | ld r1 12+ rb
    5 |            6 |         7 |            8 | ld r2 14+ rb
    9 |           10 |        11 |           12 | ld r3 16+ rb
   13 |           14 |        15 |            0 | ld r4 17+ rb
   14 |           15 |         0 |            0 | subd r1 r1 r3
    0 |            0 |         0 |            0 | muld r1 r2 r4
    0 |            0 |         0 |            0 | muld r2 r2 r4
    0 |            0 |         0 |            0 | addd r4 r4 r2
    0 |            0 |         0 |            0 | subd r2 r4 r3

    FU     BUSY      OP      Fi      Fj      Fk      Qj      Qk      Rj      Rk 
Integer |   Yes |    ld |    r4 |       |    rb |         |         |       |    No
  Mult1 |    No |       |       |       |       |         |         |       |      
  Mult2 |    No |       |       |       |       |         |         |       |      
    Add |   Yes |  subd |    r1 |    r1 |    r3 |         |         |    No |    No
 Divide |    No |       |       |       |       |         |         |       |      

     r1      r2      r3      r4      r5      r6      r7      r8      r9     r10     r11     r12      rb 
     Add |       |       | Integer |       |       |       |       |       |       |       |       | 

Clock: 15

Issue | Read Operand | Execution | Write Result | Intructions
    1 |            2 |         3 |            4 | ld r1 12+ rb
    5 |            6 |         7 |            8 | ld r2 14+ rb
    9 |           10 |        11 |           12 | ld r3 16+ rb
   13 |           14 |        15 |           16 | ld r4 17+ rb
   14 |           15 |         0 |            0 | subd r1 r1 r3
    0 |            0 |         0 |            0 | muld r1 r2 r4
    0 |            0 |         0 |            0 | muld r2 r2 r4
    0 |            0 |         0 |            0 | addd r4 r4 r2
    0 |            0 |         0 |            0 | subd r2 r4 r3

    FU     BUSY      OP      Fi      Fj      Fk      Qj      Qk      Rj      Rk 
Integer |    No |       |       |       |       |         |         |       |      
  Mult1 |    No |       |       |       |       |         |         |       |      
  Mult2 |    No |       |       |       |       |         |         |       |      
    Add |   Yes |  subd |    r1 |    r1 |    r3 |         |         |    No |    No
 Divide |    No |       |       |       |       |         |         |       |      

     r1      r2      r3      r4      r5      r6      r7      r8      r9     r10     r11     r12      rb 
     Add |       |       |       |       |       |       |       |       |       |       |       | 

Clock: 16

Issue | Read Operand | Execution | Write Result | Intructions
    1 |            2 |         3 |            4 | ld r1 12+ rb
    5 |            6 |         7 |            8 | ld r2 14+ rb
    9 |           10 |        11 |           12 | ld r3 16+ rb
   13 |           14 |        15 |           16 | ld r4 17+ rb
   14 |           15 |        17 |            0 | subd r1 r1 r3
    0 |            0 |         0 |            0 | muld r1 r2 r4
    0 |            0 |         0 |            0 | muld r2 r2 r4
    0 |            0 |         0 |            0 | addd r4 r4 r2
    0 |            0 |         0 |            0 | subd r2 r4 r3

    FU     BUSY      OP      Fi      Fj      Fk      Qj      Qk      Rj      Rk 
Integer |    No |       |       |       |       |         |         |       |      
  Mult1 |    No |       |       |       |       |         |         |       |      
  Mult2 |    No |       |       |       |       |         |         |       |      
    Add |   Yes |  subd |    r1 |    r1 |    r3 |         |         |    No |    No
 Divide |    No |       |       |       |       |         |         |       |      

     r1      r2      r3      r4      r5      r6      r7      r8      r9     r10     r11     r12      rb 
     Add |       |       |       |       |       |       |       |       |       |       |       | 

Clock: 17

Issue | Read Operand | Execution | Write Result | Intructions
    1 |            2 |         3 |            4 | ld r1 12+ rb
    5 |            6 |         7 |            8 | ld r2 14+ rb
    9 |           10 |        11 |           12 | ld r3 16+ rb
   13 |           14 |        15 |           16 | ld r4 17+ rb
   14 |           15 |        17 |           18 | subd r1 r1 r3
    0 |            0 |         0 |            0 | muld r1 r2 r4
    0 |            0 |         0 |            0 | muld r2 r2 r4
    0 |            0 |         0 |            0 | addd r4 r4 r2
    0 |            0 |         0 |            0 | subd r2 r4 r3

    FU     BUSY      OP      Fi      Fj      Fk      Qj      Qk      Rj      Rk 
Integer |    No |       |       |       |       |         |         |       |      
  Mult1 |    No |       |       |       |       |         |         |       |      
  Mult2 |    No |       |       |       |       |         |         |       |      
    Add |    No |       |       |       |       |         |         |       |      
 Divide |    No |       |       |       |       |         |         |       |      

     r1      r2      r3      r4      r5      r6      r7      r8      r9     r10     r11     r12      rb 
         |       |       |       |       |       |       |       |       |       |       |       | 

Clock: 18

Issue | Read Operand | Execution | Write Result | Intructions
    1 |            2 |         3 |            4 | ld r1 12+ rb
    5 |            6 |         7 |            8 | ld r2 14+ rb
    9 |           10 |        11 |           12 | ld r3 16+ rb
   13 |           14 |        15 |           16 | ld r4 17+ rb
   14 |           15 |        17 |           18 | subd r1 r1 r3
   19 |            0 |         0 |            0 | muld r1 r2 r4
    0 |            0 |         0 |            0 | muld r2 r2 r4
    0 |            0 |         0 |            0 | addd r4 r4 r2
    0 |            0 |         0 |            0 | subd r2 r4 r3

    FU     BUSY      OP      Fi      Fj      Fk      Qj      Qk      Rj      Rk 
Integer |    No |       |       |       |       |         |         |       |      
  Mult1 |   Yes |  muld |    r1 |    r2 |    r4 |         |         |   Yes |   Yes
  Mult2 |    No |       |       |       |       |         |         |       |      
    Add |    No |       |       |       |       |         |         |       |      
 Divide |    No |       |       |       |       |         |         |       |      

     r1      r2      r3      r4      r5      r6      r7      r8      r9     r10     r11     r12      rb 
   Mult1 |       |       |       |       |       |       |       |       |       |       |       | 

Clock: 19

Issue | Read Operand | Execution | Write Result | Intructions
    1 |            2 |         3 |            4 | ld r1 12+ rb
    5 |            6 |         7 |            8 | ld r2 14+ rb
    9 |           10 |        11 |           12 | ld r3 16+ rb
   13 |           14 |        15 |           16 | ld r4 17+ rb
   14 |           15 |        17 |           18 | subd r1 r1 r3
   19 |           20 |         0 |            0 | muld r1 r2 r4
   20 |            0 |         0 |            0 | muld r2 r2 r4
    0 |            0 |         0 |            0 | addd r4 r4 r2
    0 |            0 |         0 |            0 | subd r2 r4 r3

    FU     BUSY      OP      Fi      Fj      Fk      Qj      Qk      Rj      Rk 
Integer |    No |       |       |       |       |         |         |       |      
  Mult1 |   Yes |  muld |    r1 |    r2 |    r4 |         |         |    No |    No
  Mult2 |   Yes |  muld |    r2 |    r2 |    r4 |         |         |   Yes |   Yes
    Add |    No |       |       |       |       |         |         |       |      
 Divide |    No |       |       |       |       |         |         |       |      

     r1      r2      r3      r4      r5      r6      r7      r8      r9     r10     r11     r12      rb 
   Mult1 | Mult2 |       |       |       |       |       |       |       |       |       |       | 

Clock: 20

Issue | Read Operand | Execution | Write Result | Intructions
    1 |            2 |         3 |            4 | ld r1 12+ rb
    5 |            6 |         7 |            8 | ld r2 14+ rb
    9 |           10 |        11 |           12 | ld r3 16+ rb
   13 |           14 |        15 |           16 | ld r4 17+ rb
   14 |           15 |        17 |           18 | subd r1 r1 r3
   19 |           20 |         0 |            0 | muld r1 r2 r4
   20 |           21 |         0 |            0 | muld r2 r2 r4
   21 |            0 |         0 |            0 | addd r4 r4 r2
    0 |            0 |         0 |            0 | subd r2 r4 r3

    FU     BUSY      OP      Fi      Fj      Fk      Qj      Qk      Rj      Rk 
Integer |    No |       |       |       |       |         |         |       |      
  Mult1 |   Yes |  muld |    r1 |    r2 |    r4 |         |         |    No |    No
  Mult2 |   Yes |  muld |    r2 |    r2 |    r4 |         |         |    No |    No
    Add |   Yes |  addd |    r4 |    r4 |    r2 |         |   Mult2 |   Yes |    No
 Divide |    No |       |       |       |       |         |         |       |      

     r1      r2      r3      r4      r5      r6      r7      r8      r9     r10     r11     r12      rb 
   Mult1 | Mult2 |       |   Add |       |       |       |       |       |       |       |       | 

Clock: 21

Issue | Read Operand | Execution | Write Result | Intructions
    1 |            2 |         3 |            4 | ld r1 12+ rb
    5 |            6 |         7 |            8 | ld r2 14+ rb
    9 |           10 |        11 |           12 | ld r3 16+ rb
   13 |           14 |        15 |           16 | ld r4 17+ rb
   14 |           15 |        17 |           18 | subd r1 r1 r3
   19 |           20 |         0 |            0 | muld r1 r2 r4
   20 |           21 |         0 |            0 | muld r2 r2 r4
   21 |            0 |         0 |            0 | addd r4 r4 r2
    0 |            0 |         0 |            0 | subd r2 r4 r3

    FU     BUSY      OP      Fi      Fj      Fk      Qj      Qk      Rj      Rk 
Integer |    No |       |       |       |       |         |         |       |      
  Mult1 |   Yes |  muld |    r1 |    r2 |    r4 |         |         |    No |    No
  Mult2 |   Yes |  muld |    r2 |    r2 |    r4 |         |         |    No |    No
    Add |   Yes |  addd |    r4 |    r4 |    r2 |         |   Mult2 |   Yes |    No
 Divide |    No |       |       |       |       |         |         |       |      

     r1      r2      r3      r4      r5      r6      r7      r8      r9     r10     r11     r12      rb 
   Mult1 | Mult2 |       |   Add |       |       |       |       |       |       |       |       | 

Clock: 22

Issue | Read Operand | Execution | Write Result | Intructions
    1 |            2 |         3 |            4 | ld r1 12+ rb
    5 |            6 |         7 |            8 | ld r2 14+ rb
    9 |           10 |        11 |           12 | ld r3 16+ rb
   13 |           14 |        15 |           16 | ld r4 17+ rb
   14 |           15 |        17 |           18 | subd r1 r1 r3
   19 |           20 |         0 |            0 | muld r1 r2 r4
   20 |           21 |         0 |            0 | muld r2 r2 r4
   21 |            0 |         0 |            0 | addd r4 r4 r2
    0 |            0 |         0 |            0 | subd r2 r4 r3

    FU     BUSY      OP      Fi      Fj      Fk      Qj      Qk      Rj      Rk 
Integer |    No |       |       |       |       |         |         |       |      
  Mult1 |   Yes |  muld |    r1 |    r2 |    r4 |         |         |    No |    No
  Mult2 |   Yes |  muld |    r2 |    r2 |    r4 |         |         |    No |    No
    Add |   Yes |  addd |    r4 |    r4 |    r2 |         |   Mult2 |   Yes |    No
 Divide |    No |       |       |       |       |         |         |       |      

     r1      r2      r3      r4      r5      r6      r7      r8      r9     r10     r11     r12      rb 
   Mult1 | Mult2 |       |   Add |       |       |       |       |       |       |       |       | 

Clock: 23

Issue | Read Operand | Execution | Write Result | Intructions
    1 |            2 |         3 |            4 | ld r1 12+ rb
    5 |            6 |         7 |            8 | ld r2 14+ rb
    9 |           10 |        11 |           12 | ld r3 16+ rb
   13 |           14 |        15 |           16 | ld r4 17+ rb
   14 |           15 |        17 |           18 | subd r1 r1 r3
   19 |           20 |         0 |            0 | muld r1 r2 r4
   20 |           21 |         0 |            0 | muld r2 r2 r4
   21 |            0 |         0 |            0 | addd r4 r4 r2
    0 |            0 |         0 |            0 | subd r2 r4 r3

    FU     BUSY      OP      Fi      Fj      Fk      Qj      Qk      Rj      Rk 
Integer |    No |       |       |       |       |         |         |       |      
  Mult1 |   Yes |  muld |    r1 |    r2 |    r4 |         |         |    No |    No
  Mult2 |   Yes |  muld |    r2 |    r2 |    r4 |         |         |    No |    No
    Add |   Yes |  addd |    r4 |    r4 |    r2 |         |   Mult2 |   Yes |    No
 Divide |    No |       |       |       |       |         |         |       |      

     r1      r2      r3      r4      r5      r6      r7      r8      r9     r10     r11     r12      rb 
   Mult1 | Mult2 |       |   Add |       |       |       |       |       |       |       |       | 

Clock: 24

Issue | Read Operand | Execution | Write Result | Intructions
    1 |            2 |         3 |            4 | ld r1 12+ rb
    5 |            6 |         7 |            8 | ld r2 14+ rb
    9 |           10 |        11 |           12 | ld r3 16+ rb
   13 |           14 |        15 |           16 | ld r4 17+ rb
   14 |           15 |        17 |           18 | subd r1 r1 r3
   19 |           20 |         0 |            0 | muld r1 r2 r4
   20 |           21 |         0 |            0 | muld r2 r2 r4
   21 |            0 |         0 |            0 | addd r4 r4 r2
    0 |            0 |         0 |            0 | subd r2 r4 r3

    FU     BUSY      OP      Fi      Fj      Fk      Qj      Qk      Rj      Rk 
Integer |    No |       |       |       |       |         |         |       |      
  Mult1 |   Yes |  muld |    r1 |    r2 |    r4 |         |         |    No |    No
  Mult2 |   Yes |  muld |    r2 |    r2 |    r4 |         |         |    No |    No
    Add |   Yes |  addd |    r4 |    r4 |    r2 |         |   Mult2 |   Yes |    No
 Divide |    No |       |       |       |       |         |         |       |      

     r1      r2      r3      r4      r5      r6      r7      r8      r9     r10     r11     r12      rb 
   Mult1 | Mult2 |       |   Add |       |       |       |       |       |       |       |       | 

Clock: 25

Issue | Read Operand | Execution | Write Result | Intructions
    1 |            2 |         3 |            4 | ld r1 12+ rb
    5 |            6 |         7 |            8 | ld r2 14+ rb
    9 |           10 |        11 |           12 | ld r3 16+ rb
   13 |           14 |        15 |           16 | ld r4 17+ rb
   14 |           15 |        17 |           18 | subd r1 r1 r3
   19 |           20 |         0 |            0 | muld r1 r2 r4
   20 |           21 |         0 |            0 | muld r2 r2 r4
   21 |            0 |         0 |            0 | addd r4 r4 r2
    0 |            0 |         0 |            0 | subd r2 r4 r3

    FU     BUSY      OP      Fi      Fj      Fk      Qj      Qk      Rj      Rk 
Integer |    No |       |       |       |       |         |         |       |      
  Mult1 |   Yes |  muld |    r1 |    r2 |    r4 |         |         |    No |    No
  Mult2 |   Yes |  muld |    r2 |    r2 |    r4 |         |         |    No |    No
    Add |   Yes |  addd |    r4 |    r4 |    r2 |         |   Mult2 |   Yes |    No
 Divide |    No |       |       |       |       |         |         |       |      

     r1      r2      r3      r4      r5      r6      r7      r8      r9     r10     r11     r12      rb 
   Mult1 | Mult2 |       |   Add |       |       |       |       |       |       |       |       | 

Clock: 26

Issue | Read Operand | Execution | Write Result | Intructions
    1 |            2 |         3 |            4 | ld r1 12+ rb
    5 |            6 |         7 |            8 | ld r2 14+ rb
    9 |           10 |        11 |           12 | ld r3 16+ rb
   13 |           14 |        15 |           16 | ld r4 17+ rb
   14 |           15 |        17 |           18 | subd r1 r1 r3
   19 |           20 |         0 |            0 | muld r1 r2 r4
   20 |           21 |         0 |            0 | muld r2 r2 r4
   21 |            0 |         0 |            0 | addd r4 r4 r2
    0 |            0 |         0 |            0 | subd r2 r4 r3

    FU     BUSY      OP      Fi      Fj      Fk      Qj      Qk      Rj      Rk 
Integer |    No |       |       |       |       |         |         |       |      
  Mult1 |   Yes |  muld |    r1 |    r2 |    r4 |         |         |    No |    No
  Mult2 |   Yes |  muld |    r2 |    r2 |    r4 |         |         |    No |    No
    Add |   Yes |  addd |    r4 |    r4 |    r2 |         |   Mult2 |   Yes |    No
 Divide |    No |       |       |       |       |         |         |       |      

     r1      r2      r3      r4      r5      r6      r7      r8      r9     r10     r11     r12      rb 
   Mult1 | Mult2 |       |   Add |       |       |       |       |       |       |       |       | 

Clock: 27

Issue | Read Operand | Execution | Write Result | Intructions
    1 |            2 |         3 |            4 | ld r1 12+ rb
    5 |            6 |         7 |            8 | ld r2 14+ rb
    9 |           10 |        11 |           12 | ld r3 16+ rb
   13 |           14 |        15 |           16 | ld r4 17+ rb
   14 |           15 |        17 |           18 | subd r1 r1 r3
   19 |           20 |         0 |            0 | muld r1 r2 r4
   20 |           21 |         0 |            0 | muld r2 r2 r4
   21 |            0 |         0 |            0 | addd r4 r4 r2
    0 |            0 |         0 |            0 | subd r2 r4 r3

    FU     BUSY      OP      Fi      Fj      Fk      Qj      Qk      Rj      Rk 
Integer |    No |       |       |       |       |         |         |       |      
  Mult1 |   Yes |  muld |    r1 |    r2 |    r4 |         |         |    No |    No
  Mult2 |   Yes |  muld |    r2 |    r2 |    r4 |         |         |    No |    No
    Add |   Yes |  addd |    r4 |    r4 |    r2 |         |   Mult2 |   Yes |    No
 Divide |    No |       |       |       |       |         |         |       |      

     r1      r2      r3      r4      r5      r6      r7      r8      r9     r10     r11     r12      rb 
   Mult1 | Mult2 |       |   Add |       |       |       |       |       |       |       |       | 

Clock: 28

Issue | Read Operand | Execution | Write Result | Intructions
    1 |            2 |         3 |            4 | ld r1 12+ rb
    5 |            6 |         7 |            8 | ld r2 14+ rb
    9 |           10 |        11 |           12 | ld r3 16+ rb
   13 |           14 |        15 |           16 | ld r4 17+ rb
   14 |           15 |        17 |           18 | subd r1 r1 r3
   19 |           20 |         0 |            0 | muld r1 r2 r4
   20 |           21 |         0 |            0 | muld r2 r2 r4
   21 |            0 |         0 |            0 | addd r4 r4 r2
    0 |            0 |         0 |            0 | subd r2 r4 r3

    FU     BUSY      OP      Fi      Fj      Fk      Qj      Qk      Rj      Rk 
Integer |    No |       |       |       |       |         |         |       |      
  Mult1 |   Yes |  muld |    r1 |    r2 |    r4 |         |         |    No |    No
  Mult2 |   Yes |  muld |    r2 |    r2 |    r4 |         |         |    No |    No
    Add |   Yes |  addd |    r4 |    r4 |    r2 |         |   Mult2 |   Yes |    No
 Divide |    No |       |       |       |       |         |         |       |      

     r1      r2      r3      r4      r5      r6      r7      r8      r9     r10     r11     r12      rb 
   Mult1 | Mult2 |       |   Add |       |       |       |       |       |       |       |       | 

Clock: 29

Issue | Read Operand | Execution | Write Result | Intructions
    1 |            2 |         3 |            4 | ld r1 12+ rb
    5 |            6 |         7 |            8 | ld r2 14+ rb
    9 |           10 |        11 |           12 | ld r3 16+ rb
   13 |           14 |        15 |           16 | ld r4 17+ rb
   14 |           15 |        17 |           18 | subd r1 r1 r3
   19 |           20 |        30 |            0 | muld r1 r2 r4
   20 |           21 |         0 |            0 | muld r2 r2 r4
   21 |            0 |         0 |            0 | addd r4 r4 r2
    0 |            0 |         0 |            0 | subd r2 r4 r3

    FU     BUSY      OP      Fi      Fj      Fk      Qj      Qk      Rj      Rk 
Integer |    No |       |       |       |       |         |         |       |      
  Mult1 |   Yes |  muld |    r1 |    r2 |    r4 |         |         |    No |    No
  Mult2 |   Yes |  muld |    r2 |    r2 |    r4 |         |         |    No |    No
    Add |   Yes |  addd |    r4 |    r4 |    r2 |         |   Mult2 |   Yes |    No
 Divide |    No |       |       |       |       |         |         |       |      

     r1      r2      r3      r4      r5      r6      r7      r8      r9     r10     r11     r12      rb 
   Mult1 | Mult2 |       |   Add |       |       |       |       |       |       |       |       | 

Clock: 30

Issue | Read Operand | Execution | Write Result | Intructions
    1 |            2 |         3 |            4 | ld r1 12+ rb
    5 |            6 |         7 |            8 | ld r2 14+ rb
    9 |           10 |        11 |           12 | ld r3 16+ rb
   13 |           14 |        15 |           16 | ld r4 17+ rb
   14 |           15 |        17 |           18 | subd r1 r1 r3
   19 |           20 |        30 |           31 | muld r1 r2 r4
   20 |           21 |        31 |            0 | muld r2 r2 r4
   21 |            0 |         0 |            0 | addd r4 r4 r2
    0 |            0 |         0 |            0 | subd r2 r4 r3

    FU     BUSY      OP      Fi      Fj      Fk      Qj      Qk      Rj      Rk 
Integer |    No |       |       |       |       |         |         |       |      
  Mult1 |    No |       |       |       |       |         |         |       |      
  Mult2 |   Yes |  muld |    r2 |    r2 |    r4 |         |         |    No |    No
    Add |   Yes |  addd |    r4 |    r4 |    r2 |         |   Mult2 |   Yes |    No
 Divide |    No |       |       |       |       |         |         |       |      

     r1      r2      r3      r4      r5      r6      r7      r8      r9     r10     r11     r12      rb 
         | Mult2 |       |   Add |       |       |       |       |       |       |       |       | 

Clock: 31

Issue | Read Operand | Execution | Write Result | Intructions
    1 |            2 |         3 |            4 | ld r1 12+ rb
    5 |            6 |         7 |            8 | ld r2 14+ rb
    9 |           10 |        11 |           12 | ld r3 16+ rb
   13 |           14 |        15 |           16 | ld r4 17+ rb
   14 |           15 |        17 |           18 | subd r1 r1 r3
   19 |           20 |        30 |           31 | muld r1 r2 r4
   20 |           21 |        31 |           32 | muld r2 r2 r4
   21 |            0 |         0 |            0 | addd r4 r4 r2
    0 |            0 |         0 |            0 | subd r2 r4 r3

    FU     BUSY      OP      Fi      Fj      Fk      Qj      Qk      Rj      Rk 
Integer |    No |       |       |       |       |         |         |       |      
  Mult1 |    No |       |       |       |       |         |         |       |      
  Mult2 |    No |       |       |       |       |         |         |       |      
    Add |   Yes |  addd |    r4 |    r4 |    r2 |         |         |   Yes |   Yes
 Divide |    No |       |       |       |       |         |         |       |      

     r1      r2      r3      r4      r5      r6      r7      r8      r9     r10     r11     r12      rb 
         |       |       |   Add |       |       |       |       |       |       |       |       | 

Clock: 32

Issue | Read Operand | Execution | Write Result | Intructions
    1 |            2 |         3 |            4 | ld r1 12+ rb
    5 |            6 |         7 |            8 | ld r2 14+ rb
    9 |           10 |        11 |           12 | ld r3 16+ rb
   13 |           14 |        15 |           16 | ld r4 17+ rb
   14 |           15 |        17 |           18 | subd r1 r1 r3
   19 |           20 |        30 |           31 | muld r1 r2 r4
   20 |           21 |        31 |           32 | muld r2 r2 r4
   21 |           33 |         0 |            0 | addd r4 r4 r2
    0 |            0 |         0 |            0 | subd r2 r4 r3

    FU     BUSY      OP      Fi      Fj      Fk      Qj      Qk      Rj      Rk 
Integer |    No |       |       |       |       |         |         |       |      
  Mult1 |    No |       |       |       |       |         |         |       |      
  Mult2 |    No |       |       |       |       |         |         |       |      
    Add |   Yes |  addd |    r4 |    r4 |    r2 |         |         |    No |    No
 Divide |    No |       |       |       |       |         |         |       |      

     r1      r2      r3      r4      r5      r6      r7      r8      r9     r10     r11     r12      rb 
         |       |       |   Add |       |       |       |       |       |       |       |       | 

Clock: 33

Issue | Read Operand | Execution | Write Result | Intructions
    1 |            2 |         3 |            4 | ld r1 12+ rb
    5 |            6 |         7 |            8 | ld r2 14+ rb
    9 |           10 |        11 |           12 | ld r3 16+ rb
   13 |           14 |        15 |           16 | ld r4 17+ rb
   14 |           15 |        17 |           18 | subd r1 r1 r3
   19 |           20 |        30 |           31 | muld r1 r2 r4
   20 |           21 |        31 |           32 | muld r2 r2 r4
   21 |           33 |         0 |            0 | addd r4 r4 r2
    0 |            0 |         0 |            0 | subd r2 r4 r3

    FU     BUSY      OP      Fi      Fj      Fk      Qj      Qk      Rj      Rk 
Integer |    No |       |       |       |       |         |         |       |      
  Mult1 |    No |       |       |       |       |         |         |       |      
  Mult2 |    No |       |       |       |       |         |         |       |      
    Add |   Yes |  addd |    r4 |    r4 |    r2 |         |         |    No |    No
 Divide |    No |       |       |       |       |         |         |       |      

     r1      r2      r3      r4      r5      r6      r7      r8      r9     r10     r11     r12      rb 
         |       |       |   Add |       |       |       |       |       |       |       |       | 

Clock: 34

Issue | Read Operand | Execution | Write Result | Intructions
    1 |            2 |         3 |            4 | ld r1 12+ rb
    5 |            6 |         7 |            8 | ld r2 14+ rb
    9 |           10 |        11 |           12 | ld r3 16+ rb
   13 |           14 |        15 |           16 | ld r4 17+ rb
   14 |           15 |        17 |           18 | subd r1 r1 r3
   19 |           20 |        30 |           31 | muld r1 r2 r4
   20 |           21 |        31 |           32 | muld r2 r2 r4
   21 |           33 |        35 |            0 | addd r4 r4 r2
    0 |            0 |         0 |            0 | subd r2 r4 r3

    FU     BUSY      OP      Fi      Fj      Fk      Qj      Qk      Rj      Rk 
Integer |    No |       |       |       |       |         |         |       |      
  Mult1 |    No |       |       |       |       |         |         |       |      
  Mult2 |    No |       |       |       |       |         |         |       |      
    Add |   Yes |  addd |    r4 |    r4 |    r2 |         |         |    No |    No
 Divide |    No |       |       |       |       |         |         |       |      

     r1      r2      r3      r4      r5      r6      r7      r8      r9     r10     r11     r12      rb 
         |       |       |   Add |       |       |       |       |       |       |       |       | 

Clock: 35

Issue | Read Operand | Execution | Write Result | Intructions
    1 |            2 |         3 |            4 | ld r1 12+ rb
    5 |            6 |         7 |            8 | ld r2 14+ rb
    9 |           10 |        11 |           12 | ld r3 16+ rb
   13 |           14 |        15 |           16 | ld r4 17+ rb
   14 |           15 |        17 |           18 | subd r1 r1 r3
   19 |           20 |        30 |           31 | muld r1 r2 r4
   20 |           21 |        31 |           32 | muld r2 r2 r4
   21 |           33 |        35 |           36 | addd r4 r4 r2
    0 |            0 |         0 |            0 | subd r2 r4 r3

    FU     BUSY      OP      Fi      Fj      Fk      Qj      Qk      Rj      Rk 
Integer |    No |       |       |       |       |         |         |       |      
  Mult1 |    No |       |       |       |       |         |         |       |      
  Mult2 |    No |       |       |       |       |         |         |       |      
    Add |    No |       |       |       |       |         |         |       |      
 Divide |    No |       |       |       |       |         |         |       |      

     r1      r2      r3      r4      r5      r6      r7      r8      r9     r10     r11     r12      rb 
         |       |       |       |       |       |       |       |       |       |       |       | 

Clock: 36

Issue | Read Operand | Execution | Write Result | Intructions
    1 |            2 |         3 |            4 | ld r1 12+ rb
    5 |            6 |         7 |            8 | ld r2 14+ rb
    9 |           10 |        11 |           12 | ld r3 16+ rb
   13 |           14 |        15 |           16 | ld r4 17+ rb
   14 |           15 |        17 |           18 | subd r1 r1 r3
   19 |           20 |        30 |           31 | muld r1 r2 r4
   20 |           21 |        31 |           32 | muld r2 r2 r4
   21 |           33 |        35 |           36 | addd r4 r4 r2
   37 |            0 |         0 |            0 | subd r2 r4 r3

    FU     BUSY      OP      Fi      Fj      Fk      Qj      Qk      Rj      Rk 
Integer |    No |       |       |       |       |         |         |       |      
  Mult1 |    No |       |       |       |       |         |         |       |      
  Mult2 |    No |       |       |       |       |         |         |       |      
    Add |   Yes |  subd |    r2 |    r4 |    r3 |         |         |   Yes |   Yes
 Divide |    No |       |       |       |       |         |         |       |      

     r1      r2      r3      r4      r5      r6      r7      r8      r9     r10     r11     r12      rb 
         |   Add |       |       |       |       |       |       |       |       |       |       | 

Clock: 37

Issue | Read Operand | Execution | Write Result | Intructions
    1 |            2 |         3 |            4 | ld r1 12+ rb
    5 |            6 |         7 |            8 | ld r2 14+ rb
    9 |           10 |        11 |           12 | ld r3 16+ rb
   13 |           14 |        15 |           16 | ld r4 17+ rb
   14 |           15 |        17 |           18 | subd r1 r1 r3
   19 |           20 |        30 |           31 | muld r1 r2 r4
   20 |           21 |        31 |           32 | muld r2 r2 r4
   21 |           33 |        35 |           36 | addd r4 r4 r2
   37 |           38 |         0 |            0 | subd r2 r4 r3

    FU     BUSY      OP      Fi      Fj      Fk      Qj      Qk      Rj      Rk 
Integer |    No |       |       |       |       |         |         |       |      
  Mult1 |    No |       |       |       |       |         |         |       |      
  Mult2 |    No |       |       |       |       |         |         |       |      
    Add |   Yes |  subd |    r2 |    r4 |    r3 |         |         |    No |    No
 Divide |    No |       |       |       |       |         |         |       |      

     r1      r2      r3      r4      r5      r6      r7      r8      r9     r10     r11     r12      rb 
         |   Add |       |       |       |       |       |       |       |       |       |       | 

Clock: 38

Issue | Read Operand | Execution | Write Result | Intructions
    1 |            2 |         3 |            4 | ld r1 12+ rb
    5 |            6 |         7 |            8 | ld r2 14+ rb
    9 |           10 |        11 |           12 | ld r3 16+ rb
   13 |           14 |        15 |           16 | ld r4 17+ rb
   14 |           15 |        17 |           18 | subd r1 r1 r3
   19 |           20 |        30 |           31 | muld r1 r2 r4
   20 |           21 |        31 |           32 | muld r2 r2 r4
   21 |           33 |        35 |           36 | addd r4 r4 r2
   37 |           38 |         0 |            0 | subd r2 r4 r3

    FU     BUSY      OP      Fi      Fj      Fk      Qj      Qk      Rj      Rk 
Integer |    No |       |       |       |       |         |         |       |      
  Mult1 |    No |       |       |       |       |         |         |       |      
  Mult2 |    No |       |       |       |       |         |         |       |      
    Add |   Yes |  subd |    r2 |    r4 |    r3 |         |         |    No |    No
 Divide |    No |       |       |       |       |         |         |       |      

     r1      r2      r3      r4      r5      r6      r7      r8      r9     r10     r11     r12      rb 
         |   Add |       |       |       |       |       |       |       |       |       |       | 

Clock: 39

Issue | Read Operand | Execution | Write Result | Intructions
    1 |            2 |         3 |            4 | ld r1 12+ rb
    5 |            6 |         7 |            8 | ld r2 14+ rb
    9 |           10 |        11 |           12 | ld r3 16+ rb
   13 |           14 |        15 |           16 | ld r4 17+ rb
   14 |           15 |        17 |           18 | subd r1 r1 r3
   19 |           20 |        30 |           31 | muld r1 r2 r4
   20 |           21 |        31 |           32 | muld r2 r2 r4
   21 |           33 |        35 |           36 | addd r4 r4 r2
   37 |           38 |        40 |            0 | subd r2 r4 r3

    FU     BUSY      OP      Fi      Fj      Fk      Qj      Qk      Rj      Rk 
Integer |    No |       |       |       |       |         |         |       |      
  Mult1 |    No |       |       |       |       |         |         |       |      
  Mult2 |    No |       |       |       |       |         |         |       |      
    Add |   Yes |  subd |    r2 |    r4 |    r3 |         |         |    No |    No
 Divide |    No |       |       |       |       |         |         |       |      

     r1      r2      r3      r4      r5      r6      r7      r8      r9     r10     r11     r12      rb 
         |   Add |       |       |       |       |       |       |       |       |       |       | 

Clock: 40

Issue | Read Operand | Execution | Write Result | Intructions
    1 |            2 |         3 |            4 | ld r1 12+ rb
    5 |            6 |         7 |            8 | ld r2 14+ rb
    9 |           10 |        11 |           12 | ld r3 16+ rb
   13 |           14 |        15 |           16 | ld r4 17+ rb
   14 |           15 |        17 |           18 | subd r1 r1 r3
   19 |           20 |        30 |           31 | muld r1 r2 r4
   20 |           21 |        31 |           32 | muld r2 r2 r4
   21 |           33 |        35 |           36 | addd r4 r4 r2
   37 |           38 |        40 |           41 | subd r2 r4 r3

    FU     BUSY      OP      Fi      Fj      Fk      Qj      Qk      Rj      Rk 
Integer |    No |       |       |       |       |         |         |       |      
  Mult1 |    No |       |       |       |       |         |         |       |      
  Mult2 |    No |       |       |       |       |         |         |       |      
    Add |    No |       |       |       |       |         |         |       |      
 Divide |    No |       |       |       |       |         |         |       |      

     r1      r2      r3      r4      r5      r6      r7      r8      r9     r10     r11     r12      rb 
         |       |       |       |       |       |       |       |       |       |       |       | 

Clock: 41

