Issue | Read Operand | Execution | Write Result | Intructions
    1 |            0 |         0 |            0 | ld r1 12+ rb
    0 |            0 |         0 |            0 | ld r3 16+ rb
    0 |            0 |         0 |            0 | addd r4 r2 r1
    0 |            0 |         0 |            0 | subd r5 r4 r2

    FU     BUSY      OP      Fi      Fj      Fk      Qj      Qk      Rj      Rk 
Integer |   Yes |    ld |    r1 |       |    rb |         |         |       |   Yes
  Mult1 |    No |       |       |       |       |         |         |       |      
  Mult2 |    No |       |       |       |       |         |         |       |      
    Add |    No |       |       |       |       |         |         |       |      
 Divide |    No |       |       |       |       |         |         |       |      

     r1      r2      r3      r4      r5      r6      r7      r8      r9     r10     r11     r12      rb 
 Integer |       |       |       |       |       |       |       |       |       |       |       | 

Clock: 1

Issue | Read Operand | Execution | Write Result | Intructions
    1 |            2 |         0 |            0 | ld r1 12+ rb
    0 |            0 |         0 |            0 | ld r3 16+ rb
    0 |            0 |         0 |            0 | addd r4 r2 r1
    0 |            0 |         0 |            0 | subd r5 r4 r2

    FU     BUSY      OP      Fi      Fj      Fk      Qj      Qk      Rj      Rk 
Integer |   Yes |    ld |    r1 |       |    rb |         |         |       |    No
  Mult1 |    No |       |       |       |       |         |         |       |      
  Mult2 |    No |       |       |       |       |         |         |       |      
    Add |    No |       |       |       |       |         |         |       |      
 Divide |    No |       |       |       |       |         |         |       |      

     r1      r2      r3      r4      r5      r6      r7      r8      r9     r10     r11     r12      rb 
 Integer |       |       |       |       |       |       |       |       |       |       |       | 

Clock: 2

Issue | Read Operand | Execution | Write Result | Intructions
    1 |            2 |         3 |            0 | ld r1 12+ rb
    0 |            0 |         0 |            0 | ld r3 16+ rb
    0 |            0 |         0 |            0 | addd r4 r2 r1
    0 |            0 |         0 |            0 | subd r5 r4 r2

    FU     BUSY      OP      Fi      Fj      Fk      Qj      Qk      Rj      Rk 
Integer |   Yes |    ld |    r1 |       |    rb |         |         |       |    No
  Mult1 |    No |       |       |       |       |         |         |       |      
  Mult2 |    No |       |       |       |       |         |         |       |      
    Add |    No |       |       |       |       |         |         |       |      
 Divide |    No |       |       |       |       |         |         |       |      

     r1      r2      r3      r4      r5      r6      r7      r8      r9     r10     r11     r12      rb 
 Integer |       |       |       |       |       |       |       |       |       |       |       | 

Clock: 3

Issue | Read Operand | Execution | Write Result | Intructions
    1 |            2 |         3 |            4 | ld r1 12+ rb
    0 |            0 |         0 |            0 | ld r3 16+ rb
    0 |            0 |         0 |            0 | addd r4 r2 r1
    0 |            0 |         0 |            0 | subd r5 r4 r2

    FU     BUSY      OP      Fi      Fj      Fk      Qj      Qk      Rj      Rk 
Integer |    No |       |       |       |       |         |         |       |      
  Mult1 |    No |       |       |       |       |         |         |       |      
  Mult2 |    No |       |       |       |       |         |         |       |      
    Add |    No |       |       |       |       |         |         |       |      
 Divide |    No |       |       |       |       |         |         |       |      

     r1      r2      r3      r4      r5      r6      r7      r8      r9     r10     r11     r12      rb 
         |       |       |       |       |       |       |       |       |       |       |       | 

Clock: 4

Issue | Read Operand | Execution | Write Result | Intructions
    1 |            2 |         3 |            4 | ld r1 12+ rb
    5 |            0 |         0 |            0 | ld r3 16+ rb
    0 |            0 |         0 |            0 | addd r4 r2 r1
    0 |            0 |         0 |            0 | subd r5 r4 r2

    FU     BUSY      OP      Fi      Fj      Fk      Qj      Qk      Rj      Rk 
Integer |   Yes |    ld |    r3 |       |    rb |         |         |       |   Yes
  Mult1 |    No |       |       |       |       |         |         |       |      
  Mult2 |    No |       |       |       |       |         |         |       |      
    Add |    No |       |       |       |       |         |         |       |      
 Divide |    No |       |       |       |       |         |         |       |      

     r1      r2      r3      r4      r5      r6      r7      r8      r9     r10     r11     r12      rb 
         |       | Integer |       |       |       |       |       |       |       |       |       | 

Clock: 5

Issue | Read Operand | Execution | Write Result | Intructions
    1 |            2 |         3 |            4 | ld r1 12+ rb
    5 |            6 |         0 |            0 | ld r3 16+ rb
    6 |            0 |         0 |            0 | addd r4 r2 r1
    0 |            0 |         0 |            0 | subd r5 r4 r2

    FU     BUSY      OP      Fi      Fj      Fk      Qj      Qk      Rj      Rk 
Integer |   Yes |    ld |    r3 |       |    rb |         |         |       |    No
  Mult1 |    No |       |       |       |       |         |         |       |      
  Mult2 |    No |       |       |       |       |         |         |       |      
    Add |   Yes |  addd |    r4 |    r2 |    r1 |         |         |   Yes |   Yes
 Divide |    No |       |       |       |       |         |         |       |      

     r1      r2      r3      r4      r5      r6      r7      r8      r9     r10     r11     r12      rb 
         |       | Integer |   Add |       |       |       |       |       |       |       |       | 

Clock: 6

Issue | Read Operand | Execution | Write Result | Intructions
    1 |            2 |         3 |            4 | ld r1 12+ rb
    5 |            6 |         7 |            0 | ld r3 16+ rb
    6 |            7 |         0 |            0 | addd r4 r2 r1
    0 |            0 |         0 |            0 | subd r5 r4 r2

    FU     BUSY      OP      Fi      Fj      Fk      Qj      Qk      Rj      Rk 
Integer |   Yes |    ld |    r3 |       |    rb |         |         |       |    No
  Mult1 |    No |       |       |       |       |         |         |       |      
  Mult2 |    No |       |       |       |       |         |         |       |      
    Add |   Yes |  addd |    r4 |    r2 |    r1 |         |         |    No |    No
 Divide |    No |       |       |       |       |         |         |       |      

     r1      r2      r3      r4      r5      r6      r7      r8      r9     r10     r11     r12      rb 
         |       | Integer |   Add |       |       |       |       |       |       |       |       | 

Clock: 7

Issue | Read Operand | Execution | Write Result | Intructions
    1 |            2 |         3 |            4 | ld r1 12+ rb
    5 |            6 |         7 |            8 | ld r3 16+ rb
    6 |            7 |         0 |            0 | addd r4 r2 r1
    0 |            0 |         0 |            0 | subd r5 r4 r2

    FU     BUSY      OP      Fi      Fj      Fk      Qj      Qk      Rj      Rk 
Integer |    No |       |       |       |       |         |         |       |      
  Mult1 |    No |       |       |       |       |         |         |       |      
  Mult2 |    No |       |       |       |       |         |         |       |      
    Add |   Yes |  addd |    r4 |    r2 |    r1 |         |         |    No |    No
 Divide |    No |       |       |       |       |         |         |       |      

     r1      r2      r3      r4      r5      r6      r7      r8      r9     r10     r11     r12      rb 
         |       |       |   Add |       |       |       |       |       |       |       |       | 

Clock: 8

Issue | Read Operand | Execution | Write Result | Intructions
    1 |            2 |         3 |            4 | ld r1 12+ rb
    5 |            6 |         7 |            8 | ld r3 16+ rb
    6 |            7 |         9 |            0 | addd r4 r2 r1
    0 |            0 |         0 |            0 | subd r5 r4 r2

    FU     BUSY      OP      Fi      Fj      Fk      Qj      Qk      Rj      Rk 
Integer |    No |       |       |       |       |         |         |       |      
  Mult1 |    No |       |       |       |       |         |         |       |      
  Mult2 |    No |       |       |       |       |         |         |       |      
    Add |   Yes |  addd |    r4 |    r2 |    r1 |         |         |    No |    No
 Divide |    No |       |       |       |       |         |         |       |      

     r1      r2      r3      r4      r5      r6      r7      r8      r9     r10     r11     r12      rb 
         |       |       |   Add |       |       |       |       |       |       |       |       | 

Clock: 9

Issue | Read Operand | Execution | Write Result | Intructions
    1 |            2 |         3 |            4 | ld r1 12+ rb
    5 |            6 |         7 |            8 | ld r3 16+ rb
    6 |            7 |         9 |           10 | addd r4 r2 r1
    0 |            0 |         0 |            0 | subd r5 r4 r2

    FU     BUSY      OP      Fi      Fj      Fk      Qj      Qk      Rj      Rk 
Integer |    No |       |       |       |       |         |         |       |      
  Mult1 |    No |       |       |       |       |         |         |       |      
  Mult2 |    No |       |       |       |       |         |         |       |      
    Add |    No |       |       |       |       |         |         |       |      
 Divide |    No |       |       |       |       |         |         |       |      

     r1      r2      r3      r4      r5      r6      r7      r8      r9     r10     r11     r12      rb 
         |       |       |       |       |       |       |       |       |       |       |       | 

Clock: 10

Issue | Read Operand | Execution | Write Result | Intructions
    1 |            2 |         3 |            4 | ld r1 12+ rb
    5 |            6 |         7 |            8 | ld r3 16+ rb
    6 |            7 |         9 |           10 | addd r4 r2 r1
   11 |            0 |         0 |            0 | subd r5 r4 r2

    FU     BUSY      OP      Fi      Fj      Fk      Qj      Qk      Rj      Rk 
Integer |    No |       |       |       |       |         |         |       |      
  Mult1 |    No |       |       |       |       |         |         |       |      
  Mult2 |    No |       |       |       |       |         |         |       |      
    Add |   Yes |  subd |    r5 |    r4 |    r2 |         |         |   Yes |   Yes
 Divide |    No |       |       |       |       |         |         |       |      

     r1      r2      r3      r4      r5      r6      r7      r8      r9     r10     r11     r12      rb 
         |       |       |       |   Add |       |       |       |       |       |       |       | 

Clock: 11

Issue | Read Operand | Execution | Write Result | Intructions
    1 |            2 |         3 |            4 | ld r1 12+ rb
    5 |            6 |         7 |            8 | ld r3 16+ rb
    6 |            7 |         9 |           10 | addd r4 r2 r1
   11 |           12 |         0 |            0 | subd r5 r4 r2

    FU     BUSY      OP      Fi      Fj      Fk      Qj      Qk      Rj      Rk 
Integer |    No |       |       |       |       |         |         |       |      
  Mult1 |    No |       |       |       |       |         |         |       |      
  Mult2 |    No |       |       |       |       |         |         |       |      
    Add |   Yes |  subd |    r5 |    r4 |    r2 |         |         |    No |    No
 Divide |    No |       |       |       |       |         |         |       |      

     r1      r2      r3      r4      r5      r6      r7      r8      r9     r10     r11     r12      rb 
         |       |       |       |   Add |       |       |       |       |       |       |       | 

Clock: 12

Issue | Read Operand | Execution | Write Result | Intructions
    1 |            2 |         3 |            4 | ld r1 12+ rb
    5 |            6 |         7 |            8 | ld r3 16+ rb
    6 |            7 |         9 |           10 | addd r4 r2 r1
   11 |           12 |         0 |            0 | subd r5 r4 r2

    FU     BUSY      OP      Fi      Fj      Fk      Qj      Qk      Rj      Rk 
Integer |    No |       |       |       |       |         |         |       |      
  Mult1 |    No |       |       |       |       |         |         |       |      
  Mult2 |    No |       |       |       |       |         |         |       |      
    Add |   Yes |  subd |    r5 |    r4 |    r2 |         |         |    No |    No
 Divide |    No |       |       |       |       |         |         |       |      

     r1      r2      r3      r4      r5      r6      r7      r8      r9     r10     r11     r12      rb 
         |       |       |       |   Add |       |       |       |       |       |       |       | 

Clock: 13

Issue | Read Operand | Execution | Write Result | Intructions
    1 |            2 |         3 |            4 | ld r1 12+ rb
    5 |            6 |         7 |            8 | ld r3 16+ rb
    6 |            7 |         9 |           10 | addd r4 r2 r1
   11 |           12 |        14 |            0 | subd r5 r4 r2

    FU     BUSY      OP      Fi      Fj      Fk      Qj      Qk      Rj      Rk 
Integer |    No |       |       |       |       |         |         |       |      
  Mult1 |    No |       |       |       |       |         |         |       |      
  Mult2 |    No |       |       |       |       |         |         |       |      
    Add |   Yes |  subd |    r5 |    r4 |    r2 |         |         |    No |    No
 Divide |    No |       |       |       |       |         |         |       |      

     r1      r2      r3      r4      r5      r6      r7      r8      r9     r10     r11     r12      rb 
         |       |       |       |   Add |       |       |       |       |       |       |       | 

Clock: 14

Issue | Read Operand | Execution | Write Result | Intructions
    1 |            2 |         3 |            4 | ld r1 12+ rb
    5 |            6 |         7 |            8 | ld r3 16+ rb
    6 |            7 |         9 |           10 | addd r4 r2 r1
   11 |           12 |        14 |           15 | subd r5 r4 r2

    FU     BUSY      OP      Fi      Fj      Fk      Qj      Qk      Rj      Rk 
Integer |    No |       |       |       |       |         |         |       |      
  Mult1 |    No |       |       |       |       |         |         |       |      
  Mult2 |    No |       |       |       |       |         |         |       |      
    Add |    No |       |       |       |       |         |         |       |      
 Divide |    No |       |       |       |       |         |         |       |      

     r1      r2      r3      r4      r5      r6      r7      r8      r9     r10     r11     r12      rb 
         |       |       |       |       |       |       |       |       |       |       |       | 

Clock: 15

